Compiling the C compiler identification source file "CMakeCCompilerId.c" failed.
Compiler: /usr/bin/cc 
Build flags: 
Id flags: 

The output was:
1
xcrun: error: active developer path ("/Library/Developer/CommandLineTools") does not exist, use `xcode-select --switch path/to/Xcode.app` to specify the Xcode that you wish to use for command line developer tools (or see `man xcode-select`)


Compiling the C compiler identification source file "CMakeCCompilerId.c" failed.
Compiler: /usr/bin/cc 
Build flags: 
Id flags: -c

The output was:
1
xcrun: error: active developer path ("/Library/Developer/CommandLineTools") does not exist, use `xcode-select --switch path/to/Xcode.app` to specify the Xcode that you wish to use for command line developer tools (or see `man xcode-select`)


Compiling the C compiler identification source file "CMakeCCompilerId.c" failed.
Compiler: /usr/bin/cc 
Build flags: 
Id flags: -Aa

The output was:
1
xcrun: error: active developer path ("/Library/Developer/CommandLineTools") does not exist, use `xcode-select --switch path/to/Xcode.app` to specify the Xcode that you wish to use for command line developer tools (or see `man xcode-select`)


Compiling the C compiler identification source file "CMakeCCompilerId.c" failed.
Compiler: /usr/bin/cc 
Build flags: 
Id flags: -D__CLASSIC_C__

The output was:
1
xcrun: error: active developer path ("/Library/Developer/CommandLineTools") does not exist, use `xcode-select --switch path/to/Xcode.app` to specify the Xcode that you wish to use for command line developer tools (or see `man xcode-select`)


Checking whether the C compiler is IAR using "" did not match "IAR .+ Compiler":
xcrun: error: active developer path ("/Library/Developer/CommandLineTools") does not exist, use `xcode-select --switch path/to/Xcode.app` to specify the Xcode that you wish to use for command line developer tools (or see `man xcode-select`)
Compiling the CXX compiler identification source file "CMakeCXXCompilerId.cpp" failed.
Compiler: /usr/bin/c++ 
Build flags: 
Id flags: 

The output was:
1
xcrun: error: active developer path ("/Library/Developer/CommandLineTools") does not exist, use `xcode-select --switch path/to/Xcode.app` to specify the Xcode that you wish to use for command line developer tools (or see `man xcode-select`)


Compiling the CXX compiler identification source file "CMakeCXXCompilerId.cpp" failed.
Compiler: /usr/bin/c++ 
Build flags: 
Id flags: -c

The output was:
1
xcrun: error: active developer path ("/Library/Developer/CommandLineTools") does not exist, use `xcode-select --switch path/to/Xcode.app` to specify the Xcode that you wish to use for command line developer tools (or see `man xcode-select`)


Checking whether the CXX compiler is IAR using "" did not match "IAR .+ Compiler":
xcrun: error: active developer path ("/Library/Developer/CommandLineTools") does not exist, use `xcode-select --switch path/to/Xcode.app` to specify the Xcode that you wish to use for command line developer tools (or see `man xcode-select`)
Determining if the C compiler works failed with the following output:
Change Dir: /Users/sebastiansoberg/test/parsnp/cmake-build-debug/CMakeFiles/CMakeTmp

Run Build Command:"/usr/bin/make" "cmTC_3fa72/fast"
xcrun: error: active developer path ("/Library/Developer/CommandLineTools") does not exist, use `xcode-select --switch path/to/Xcode.app` to specify the Xcode that you wish to use for command line developer tools (or see `man xcode-select`)


