The system is: Darwin - 15.6.0 - x86_64
Compiling the C compiler identification source file "CMakeCCompilerId.c" succeeded.
Compiler: /usr/local/Cellar/gcc@4.9/4.9.3_1/bin/gcc-4.9 
Build flags: 
Id flags:  

The output was:
0


Compilation of the C compiler identification source "CMakeCCompilerId.c" produced "a.out"

The C compiler identification is GNU, found in "/Users/sebastiansoberg/test/parsnp/CMakeFiles/3.8.0-rc1/CompilerIdC/a.out"

Compiling the CXX compiler identification source file "CMakeCXXCompilerId.cpp" succeeded.
Compiler: /usr/local/Cellar/gcc@4.9/4.9.3_1/bin/c++-4.9 
Build flags: 
Id flags:  

The output was:
0


Compilation of the CXX compiler identification source "CMakeCXXCompilerId.cpp" produced "a.out"

The CXX compiler identification is GNU, found in "/Users/sebastiansoberg/test/parsnp/CMakeFiles/3.8.0-rc1/CompilerIdCXX/a.out"

Determining if the C compiler works passed with the following output:
Change Dir: /Users/sebastiansoberg/test/parsnp/CMakeFiles/CMakeTmp

Run Build Command:"/usr/bin/make" "cmTC_09e5e/fast"
/Applications/Xcode.app/Contents/Developer/usr/bin/make -f CMakeFiles/cmTC_09e5e.dir/build.make CMakeFiles/cmTC_09e5e.dir/build
Building C object CMakeFiles/cmTC_09e5e.dir/testCCompiler.c.o
/usr/local/Cellar/gcc@4.9/4.9.3_1/bin/gcc-4.9    -o CMakeFiles/cmTC_09e5e.dir/testCCompiler.c.o   -c /Users/sebastiansoberg/test/parsnp/CMakeFiles/CMakeTmp/testCCompiler.c
Linking C executable cmTC_09e5e
/Applications/CMake.app/Contents/bin/cmake -E cmake_link_script CMakeFiles/cmTC_09e5e.dir/link.txt --verbose=1
/usr/local/Cellar/gcc@4.9/4.9.3_1/bin/gcc-4.9   -Wl,-search_paths_first -Wl,-headerpad_max_install_names   CMakeFiles/cmTC_09e5e.dir/testCCompiler.c.o  -o cmTC_09e5e 


Detecting C compiler ABI info compiled with the following output:
Change Dir: /Users/sebastiansoberg/test/parsnp/CMakeFiles/CMakeTmp

Run Build Command:"/usr/bin/make" "cmTC_f313a/fast"
/Applications/Xcode.app/Contents/Developer/usr/bin/make -f CMakeFiles/cmTC_f313a.dir/build.make CMakeFiles/cmTC_f313a.dir/build
Building C object CMakeFiles/cmTC_f313a.dir/CMakeCCompilerABI.c.o
/usr/local/Cellar/gcc@4.9/4.9.3_1/bin/gcc-4.9    -o CMakeFiles/cmTC_f313a.dir/CMakeCCompilerABI.c.o   -c /Applications/CMake.app/Contents/share/cmake-3.8/Modules/CMakeCCompilerABI.c
Linking C executable cmTC_f313a
/Applications/CMake.app/Contents/bin/cmake -E cmake_link_script CMakeFiles/cmTC_f313a.dir/link.txt --verbose=1
/usr/local/Cellar/gcc@4.9/4.9.3_1/bin/gcc-4.9   -Wl,-search_paths_first -Wl,-headerpad_max_install_names  -v -Wl,-v CMakeFiles/cmTC_f313a.dir/CMakeCCompilerABI.c.o  -o cmTC_f313a 
Using built-in specs.
COLLECT_GCC=/usr/local/Cellar/gcc@4.9/4.9.3_1/bin/gcc-4.9
COLLECT_LTO_WRAPPER=/usr/local/Cellar/gcc@4.9/4.9.3_1/libexec/gcc/x86_64-apple-darwin15.6.0/4.9.3/lto-wrapper
Target: x86_64-apple-darwin15.6.0
Configured with: ../configure --build=x86_64-apple-darwin15.6.0 --prefix=/usr/local/Cellar/gcc@4.9/4.9.3_1 --libdir=/usr/local/Cellar/gcc@4.9/4.9.3_1/lib/gcc/4.9 --enable-languages=c,c++,objc,obj-c++,fortran --program-suffix=-4.9 --with-gmp=/usr/local/opt/gmp@4 --with-mpfr=/usr/local/opt/mpfr@2 --with-mpc=/usr/local/opt/libmpc@0.8 --with-cloog=/usr/local/opt/cloog --with-isl=/usr/local/opt/isl@0.12 --with-system-zlib --enable-libstdcxx-time=yes --enable-stage1-checking --enable-checking=release --enable-lto --with-build-config=bootstrap-debug --disable-werror --with-pkgversion='Homebrew GCC 4.9.3_1' --with-bugurl=https://github.com/Homebrew/homebrew-core/issues MAKEINFO=missing --enable-plugin --disable-nls --enable-multilib --with-native-system-header-dir=/usr/include --with-sysroot=/Applications/Xcode.app/Contents/Developer/Platforms/MacOSX.platform/Developer/SDKs/MacOSX10.12.sdk
Thread model: posix
gcc version 4.9.3 (Homebrew GCC 4.9.3_1) 
COMPILER_PATH=/usr/local/Cellar/gcc@4.9/4.9.3_1/libexec/gcc/x86_64-apple-darwin15.6.0/4.9.3/:/usr/local/Cellar/gcc@4.9/4.9.3_1/libexec/gcc/x86_64-apple-darwin15.6.0/4.9.3/:/usr/local/Cellar/gcc@4.9/4.9.3_1/libexec/gcc/x86_64-apple-darwin15.6.0/:/usr/local/Cellar/gcc@4.9/4.9.3_1/lib/gcc/4.9/gcc/x86_64-apple-darwin15.6.0/4.9.3/:/usr/local/Cellar/gcc@4.9/4.9.3_1/lib/gcc/4.9/gcc/x86_64-apple-darwin15.6.0/
LIBRARY_PATH=/usr/local/Cellar/gcc@4.9/4.9.3_1/lib/gcc/4.9/gcc/x86_64-apple-darwin15.6.0/4.9.3/:/usr/local/Cellar/gcc@4.9/4.9.3_1/lib/gcc/4.9/gcc/x86_64-apple-darwin15.6.0/4.9.3/../../../:/Applications/Xcode.app/Contents/Developer/Platforms/MacOSX.platform/Developer/SDKs/MacOSX10.12.sdk/usr/lib/
COLLECT_GCC_OPTIONS='-mmacosx-version-min=10.11.6' '-v' '-o' 'cmTC_f313a' '-mtune=core2'
 /usr/local/Cellar/gcc@4.9/4.9.3_1/libexec/gcc/x86_64-apple-darwin15.6.0/4.9.3/collect2 -dynamic -arch x86_64 -macosx_version_min 10.11.6 -syslibroot /Applications/Xcode.app/Contents/Developer/Platforms/MacOSX.platform/Developer/SDKs/MacOSX10.12.sdk -weak_reference_mismatches non-weak -o cmTC_f313a -L/usr/local/Cellar/gcc@4.9/4.9.3_1/lib/gcc/4.9/gcc/x86_64-apple-darwin15.6.0/4.9.3 -L/usr/local/Cellar/gcc@4.9/4.9.3_1/lib/gcc/4.9/gcc/x86_64-apple-darwin15.6.0/4.9.3/../../.. -L/Applications/Xcode.app/Contents/Developer/Platforms/MacOSX.platform/Developer/SDKs/MacOSX10.12.sdk/usr/lib -search_paths_first -headerpad_max_install_names -v CMakeFiles/cmTC_f313a.dir/CMakeCCompilerABI.c.o -no_compact_unwind -lSystem -lgcc_ext.10.5 -lgcc -lSystem -v
collect2 version 4.9.3
/usr/bin/ld -dynamic -arch x86_64 -macosx_version_min 10.11.6 -syslibroot /Applications/Xcode.app/Contents/Developer/Platforms/MacOSX.platform/Developer/SDKs/MacOSX10.12.sdk -weak_reference_mismatches non-weak -o cmTC_f313a -L/usr/local/Cellar/gcc@4.9/4.9.3_1/lib/gcc/4.9/gcc/x86_64-apple-darwin15.6.0/4.9.3 -L/usr/local/Cellar/gcc@4.9/4.9.3_1/lib/gcc/4.9/gcc/x86_64-apple-darwin15.6.0/4.9.3/../../.. -L/Applications/Xcode.app/Contents/Developer/Platforms/MacOSX.platform/Developer/SDKs/MacOSX10.12.sdk/usr/lib -search_paths_first -headerpad_max_install_names -v CMakeFiles/cmTC_f313a.dir/CMakeCCompilerABI.c.o -no_compact_unwind -lSystem -lgcc_ext.10.5 -lgcc -lSystem -v
@(#)PROGRAM:ld  PROJECT:ld64-274.2
configured to support archs: armv6 armv7 armv7s arm64 i386 x86_64 x86_64h armv6m armv7k armv7m armv7em (tvOS)
@(#)PROGRAM:ld  PROJECT:ld64-274.2
configured to support archs: armv6 armv7 armv7s arm64 i386 x86_64 x86_64h armv6m armv7k armv7m armv7em (tvOS)
Library search paths:
	/usr/local/Cellar/gcc@4.9/4.9.3_1/lib/gcc/4.9/gcc/x86_64-apple-darwin15.6.0/4.9.3
	/usr/local/Cellar/gcc@4.9/4.9.3_1/lib/gcc/4.9
	/Applications/Xcode.app/Contents/Developer/Platforms/MacOSX.platform/Developer/SDKs/MacOSX10.12.sdk/usr/lib
	/Applications/Xcode.app/Contents/Developer/Platforms/MacOSX.platform/Developer/SDKs/MacOSX10.12.sdk/usr/lib
Framework search paths:
	/Applications/Xcode.app/Contents/Developer/Platforms/MacOSX.platform/Developer/SDKs/MacOSX10.12.sdk/System/Library/Frameworks/
 /usr/bin/nm -n CMakeFiles/cmTC_f313a.dir/CMakeCCompilerABI.c.o


Parsed C implicit link information from above output:
  link line regex: [^( *|.*[/\])(ld|([^/\]+-)?ld|collect2)[^/\]*( |$)]
  ignore line: [Change Dir: /Users/sebastiansoberg/test/parsnp/CMakeFiles/CMakeTmp]
  ignore line: []
  ignore line: [Run Build Command:"/usr/bin/make" "cmTC_f313a/fast"]
  ignore line: [/Applications/Xcode.app/Contents/Developer/usr/bin/make -f CMakeFiles/cmTC_f313a.dir/build.make CMakeFiles/cmTC_f313a.dir/build]
  ignore line: [Building C object CMakeFiles/cmTC_f313a.dir/CMakeCCompilerABI.c.o]
  ignore line: [/usr/local/Cellar/gcc@4.9/4.9.3_1/bin/gcc-4.9    -o CMakeFiles/cmTC_f313a.dir/CMakeCCompilerABI.c.o   -c /Applications/CMake.app/Contents/share/cmake-3.8/Modules/CMakeCCompilerABI.c]
  ignore line: [Linking C executable cmTC_f313a]
  ignore line: [/Applications/CMake.app/Contents/bin/cmake -E cmake_link_script CMakeFiles/cmTC_f313a.dir/link.txt --verbose=1]
  ignore line: [/usr/local/Cellar/gcc@4.9/4.9.3_1/bin/gcc-4.9   -Wl,-search_paths_first -Wl,-headerpad_max_install_names  -v -Wl,-v CMakeFiles/cmTC_f313a.dir/CMakeCCompilerABI.c.o  -o cmTC_f313a ]
  ignore line: [Using built-in specs.]
  ignore line: [COLLECT_GCC=/usr/local/Cellar/gcc@4.9/4.9.3_1/bin/gcc-4.9]
  ignore line: [COLLECT_LTO_WRAPPER=/usr/local/Cellar/gcc@4.9/4.9.3_1/libexec/gcc/x86_64-apple-darwin15.6.0/4.9.3/lto-wrapper]
  ignore line: [Target: x86_64-apple-darwin15.6.0]
  ignore line: [Configured with: ../configure --build=x86_64-apple-darwin15.6.0 --prefix=/usr/local/Cellar/gcc@4.9/4.9.3_1 --libdir=/usr/local/Cellar/gcc@4.9/4.9.3_1/lib/gcc/4.9 --enable-languages=c,c++,objc,obj-c++,fortran --program-suffix=-4.9 --with-gmp=/usr/local/opt/gmp@4 --with-mpfr=/usr/local/opt/mpfr@2 --with-mpc=/usr/local/opt/libmpc@0.8 --with-cloog=/usr/local/opt/cloog --with-isl=/usr/local/opt/isl@0.12 --with-system-zlib --enable-libstdcxx-time=yes --enable-stage1-checking --enable-checking=release --enable-lto --with-build-config=bootstrap-debug --disable-werror --with-pkgversion='Homebrew GCC 4.9.3_1' --with-bugurl=https://github.com/Homebrew/homebrew-core/issues MAKEINFO=missing --enable-plugin --disable-nls --enable-multilib --with-native-system-header-dir=/usr/include --with-sysroot=/Applications/Xcode.app/Contents/Developer/Platforms/MacOSX.platform/Developer/SDKs/MacOSX10.12.sdk]
  ignore line: [Thread model: posix]
  ignore line: [gcc version 4.9.3 (Homebrew GCC 4.9.3_1) ]
  ignore line: [COMPILER_PATH=/usr/local/Cellar/gcc@4.9/4.9.3_1/libexec/gcc/x86_64-apple-darwin15.6.0/4.9.3/:/usr/local/Cellar/gcc@4.9/4.9.3_1/libexec/gcc/x86_64-apple-darwin15.6.0/4.9.3/:/usr/local/Cellar/gcc@4.9/4.9.3_1/libexec/gcc/x86_64-apple-darwin15.6.0/:/usr/local/Cellar/gcc@4.9/4.9.3_1/lib/gcc/4.9/gcc/x86_64-apple-darwin15.6.0/4.9.3/:/usr/local/Cellar/gcc@4.9/4.9.3_1/lib/gcc/4.9/gcc/x86_64-apple-darwin15.6.0/]
  ignore line: [LIBRARY_PATH=/usr/local/Cellar/gcc@4.9/4.9.3_1/lib/gcc/4.9/gcc/x86_64-apple-darwin15.6.0/4.9.3/:/usr/local/Cellar/gcc@4.9/4.9.3_1/lib/gcc/4.9/gcc/x86_64-apple-darwin15.6.0/4.9.3/../../../:/Applications/Xcode.app/Contents/Developer/Platforms/MacOSX.platform/Developer/SDKs/MacOSX10.12.sdk/usr/lib/]
  ignore line: [COLLECT_GCC_OPTIONS='-mmacosx-version-min=10.11.6' '-v' '-o' 'cmTC_f313a' '-mtune=core2']
  link line: [ /usr/local/Cellar/gcc@4.9/4.9.3_1/libexec/gcc/x86_64-apple-darwin15.6.0/4.9.3/collect2 -dynamic -arch x86_64 -macosx_version_min 10.11.6 -syslibroot /Applications/Xcode.app/Contents/Developer/Platforms/MacOSX.platform/Developer/SDKs/MacOSX10.12.sdk -weak_reference_mismatches non-weak -o cmTC_f313a -L/usr/local/Cellar/gcc@4.9/4.9.3_1/lib/gcc/4.9/gcc/x86_64-apple-darwin15.6.0/4.9.3 -L/usr/local/Cellar/gcc@4.9/4.9.3_1/lib/gcc/4.9/gcc/x86_64-apple-darwin15.6.0/4.9.3/../../.. -L/Applications/Xcode.app/Contents/Developer/Platforms/MacOSX.platform/Developer/SDKs/MacOSX10.12.sdk/usr/lib -search_paths_first -headerpad_max_install_names -v CMakeFiles/cmTC_f313a.dir/CMakeCCompilerABI.c.o -no_compact_unwind -lSystem -lgcc_ext.10.5 -lgcc -lSystem -v]
    arg [/usr/local/Cellar/gcc@4.9/4.9.3_1/libexec/gcc/x86_64-apple-darwin15.6.0/4.9.3/collect2] ==> ignore
    arg [-dynamic] ==> ignore
    arg [-arch] ==> ignore
    arg [x86_64] ==> ignore
    arg [-macosx_version_min] ==> ignore
    arg [10.11.6] ==> ignore
    arg [-syslibroot] ==> ignore
    arg [/Applications/Xcode.app/Contents/Developer/Platforms/MacOSX.platform/Developer/SDKs/MacOSX10.12.sdk] ==> ignore
    arg [-weak_reference_mismatches] ==> ignore
    arg [non-weak] ==> ignore
    arg [-o] ==> ignore
    arg [cmTC_f313a] ==> ignore
    arg [-L/usr/local/Cellar/gcc@4.9/4.9.3_1/lib/gcc/4.9/gcc/x86_64-apple-darwin15.6.0/4.9.3] ==> dir [/usr/local/Cellar/gcc@4.9/4.9.3_1/lib/gcc/4.9/gcc/x86_64-apple-darwin15.6.0/4.9.3]
    arg [-L/usr/local/Cellar/gcc@4.9/4.9.3_1/lib/gcc/4.9/gcc/x86_64-apple-darwin15.6.0/4.9.3/../../..] ==> dir [/usr/local/Cellar/gcc@4.9/4.9.3_1/lib/gcc/4.9/gcc/x86_64-apple-darwin15.6.0/4.9.3/../../..]
    arg [-L/Applications/Xcode.app/Contents/Developer/Platforms/MacOSX.platform/Developer/SDKs/MacOSX10.12.sdk/usr/lib] ==> dir [/Applications/Xcode.app/Contents/Developer/Platforms/MacOSX.platform/Developer/SDKs/MacOSX10.12.sdk/usr/lib]
    arg [-search_paths_first] ==> ignore
    arg [-headerpad_max_install_names] ==> ignore
    arg [-v] ==> ignore
    arg [CMakeFiles/cmTC_f313a.dir/CMakeCCompilerABI.c.o] ==> ignore
    arg [-no_compact_unwind] ==> ignore
    arg [-lSystem] ==> lib [System]
    arg [-lgcc_ext.10.5] ==> lib [gcc_ext.10.5]
    arg [-lgcc] ==> lib [gcc]
    arg [-lSystem] ==> lib [System]
    arg [-v] ==> ignore
  Library search paths: [;/usr/local/Cellar/gcc@4.9/4.9.3_1/lib/gcc/4.9/gcc/x86_64-apple-darwin15.6.0/4.9.3;/usr/local/Cellar/gcc@4.9/4.9.3_1/lib/gcc/4.9;/Applications/Xcode.app/Contents/Developer/Platforms/MacOSX.platform/Developer/SDKs/MacOSX10.12.sdk/usr/lib;/Applications/Xcode.app/Contents/Developer/Platforms/MacOSX.platform/Developer/SDKs/MacOSX10.12.sdk/usr/lib]
  Framework search paths: [;/Applications/Xcode.app/Contents/Developer/Platforms/MacOSX.platform/Developer/SDKs/MacOSX10.12.sdk/System/Library/Frameworks/]
  remove lib [System]
  remove lib [gcc_ext.10.5]
  remove lib [gcc]
  remove lib [System]
  collapse library dir [/usr/local/Cellar/gcc@4.9/4.9.3_1/lib/gcc/4.9/gcc/x86_64-apple-darwin15.6.0/4.9.3] ==> [/usr/local/Cellar/gcc@4.9/4.9.3_1/lib/gcc/4.9/gcc/x86_64-apple-darwin15.6.0/4.9.3]
  collapse library dir [/usr/local/Cellar/gcc@4.9/4.9.3_1/lib/gcc/4.9/gcc/x86_64-apple-darwin15.6.0/4.9.3/../../..] ==> [/usr/local/Cellar/gcc@4.9/4.9.3_1/lib/gcc/4.9]
  collapse library dir [/Applications/Xcode.app/Contents/Developer/Platforms/MacOSX.platform/Developer/SDKs/MacOSX10.12.sdk/usr/lib] ==> [/Applications/Xcode.app/Contents/Developer/Platforms/MacOSX.platform/Developer/SDKs/MacOSX10.12.sdk/usr/lib]
  collapse library dir [/usr/local/Cellar/gcc@4.9/4.9.3_1/lib/gcc/4.9/gcc/x86_64-apple-darwin15.6.0/4.9.3] ==> [/usr/local/Cellar/gcc@4.9/4.9.3_1/lib/gcc/4.9/gcc/x86_64-apple-darwin15.6.0/4.9.3]
  collapse library dir [/usr/local/Cellar/gcc@4.9/4.9.3_1/lib/gcc/4.9] ==> [/usr/local/Cellar/gcc@4.9/4.9.3_1/lib/gcc/4.9]
  collapse library dir [/Applications/Xcode.app/Contents/Developer/Platforms/MacOSX.platform/Developer/SDKs/MacOSX10.12.sdk/usr/lib] ==> [/Applications/Xcode.app/Contents/Developer/Platforms/MacOSX.platform/Developer/SDKs/MacOSX10.12.sdk/usr/lib]
  collapse library dir [/Applications/Xcode.app/Contents/Developer/Platforms/MacOSX.platform/Developer/SDKs/MacOSX10.12.sdk/usr/lib] ==> [/Applications/Xcode.app/Contents/Developer/Platforms/MacOSX.platform/Developer/SDKs/MacOSX10.12.sdk/usr/lib]
  collapse framework dir [/Applications/Xcode.app/Contents/Developer/Platforms/MacOSX.platform/Developer/SDKs/MacOSX10.12.sdk/System/Library/Frameworks/] ==> [/Applications/Xcode.app/Contents/Developer/Platforms/MacOSX.platform/Developer/SDKs/MacOSX10.12.sdk/System/Library/Frameworks]
  implicit libs: []
  implicit dirs: [/usr/local/Cellar/gcc@4.9/4.9.3_1/lib/gcc/4.9/gcc/x86_64-apple-darwin15.6.0/4.9.3;/usr/local/Cellar/gcc@4.9/4.9.3_1/lib/gcc/4.9;/Applications/Xcode.app/Contents/Developer/Platforms/MacOSX.platform/Developer/SDKs/MacOSX10.12.sdk/usr/lib]
  implicit fwks: [/Applications/Xcode.app/Contents/Developer/Platforms/MacOSX.platform/Developer/SDKs/MacOSX10.12.sdk/System/Library/Frameworks]




Detecting C [-std=c11] compiler features compiled with the following output:
Change Dir: /Users/sebastiansoberg/test/parsnp/CMakeFiles/CMakeTmp

Run Build Command:"/usr/bin/make" "cmTC_cd2b0/fast"
/Applications/Xcode.app/Contents/Developer/usr/bin/make -f CMakeFiles/cmTC_cd2b0.dir/build.make CMakeFiles/cmTC_cd2b0.dir/build
Building C object CMakeFiles/cmTC_cd2b0.dir/feature_tests.c.o
/usr/local/Cellar/gcc@4.9/4.9.3_1/bin/gcc-4.9   -std=c11 -o CMakeFiles/cmTC_cd2b0.dir/feature_tests.c.o   -c /Users/sebastiansoberg/test/parsnp/CMakeFiles/feature_tests.c
Linking C executable cmTC_cd2b0
/Applications/CMake.app/Contents/bin/cmake -E cmake_link_script CMakeFiles/cmTC_cd2b0.dir/link.txt --verbose=1
/usr/local/Cellar/gcc@4.9/4.9.3_1/bin/gcc-4.9   -Wl,-search_paths_first -Wl,-headerpad_max_install_names   CMakeFiles/cmTC_cd2b0.dir/feature_tests.c.o  -o cmTC_cd2b0 


    Feature record: C_FEATURE:1c_function_prototypes
    Feature record: C_FEATURE:1c_restrict
    Feature record: C_FEATURE:1c_static_assert
    Feature record: C_FEATURE:1c_variadic_macros


Detecting C [-std=c99] compiler features compiled with the following output:
Change Dir: /Users/sebastiansoberg/test/parsnp/CMakeFiles/CMakeTmp

Run Build Command:"/usr/bin/make" "cmTC_e220a/fast"
/Applications/Xcode.app/Contents/Developer/usr/bin/make -f CMakeFiles/cmTC_e220a.dir/build.make CMakeFiles/cmTC_e220a.dir/build
Building C object CMakeFiles/cmTC_e220a.dir/feature_tests.c.o
/usr/local/Cellar/gcc@4.9/4.9.3_1/bin/gcc-4.9   -std=c99 -o CMakeFiles/cmTC_e220a.dir/feature_tests.c.o   -c /Users/sebastiansoberg/test/parsnp/CMakeFiles/feature_tests.c
Linking C executable cmTC_e220a
/Applications/CMake.app/Contents/bin/cmake -E cmake_link_script CMakeFiles/cmTC_e220a.dir/link.txt --verbose=1
/usr/local/Cellar/gcc@4.9/4.9.3_1/bin/gcc-4.9   -Wl,-search_paths_first -Wl,-headerpad_max_install_names   CMakeFiles/cmTC_e220a.dir/feature_tests.c.o  -o cmTC_e220a 


    Feature record: C_FEATURE:1c_function_prototypes
    Feature record: C_FEATURE:1c_restrict
    Feature record: C_FEATURE:0c_static_assert
    Feature record: C_FEATURE:1c_variadic_macros


Detecting C [-std=c90] compiler features compiled with the following output:
Change Dir: /Users/sebastiansoberg/test/parsnp/CMakeFiles/CMakeTmp

Run Build Command:"/usr/bin/make" "cmTC_3186b/fast"
/Applications/Xcode.app/Contents/Developer/usr/bin/make -f CMakeFiles/cmTC_3186b.dir/build.make CMakeFiles/cmTC_3186b.dir/build
Building C object CMakeFiles/cmTC_3186b.dir/feature_tests.c.o
/usr/local/Cellar/gcc@4.9/4.9.3_1/bin/gcc-4.9   -std=c90 -o CMakeFiles/cmTC_3186b.dir/feature_tests.c.o   -c /Users/sebastiansoberg/test/parsnp/CMakeFiles/feature_tests.c
Linking C executable cmTC_3186b
/Applications/CMake.app/Contents/bin/cmake -E cmake_link_script CMakeFiles/cmTC_3186b.dir/link.txt --verbose=1
/usr/local/Cellar/gcc@4.9/4.9.3_1/bin/gcc-4.9   -Wl,-search_paths_first -Wl,-headerpad_max_install_names   CMakeFiles/cmTC_3186b.dir/feature_tests.c.o  -o cmTC_3186b 


    Feature record: C_FEATURE:1c_function_prototypes
    Feature record: C_FEATURE:0c_restrict
    Feature record: C_FEATURE:0c_static_assert
    Feature record: C_FEATURE:0c_variadic_macros
Determining if the CXX compiler works passed with the following output:
Change Dir: /Users/sebastiansoberg/test/parsnp/CMakeFiles/CMakeTmp

Run Build Command:"/usr/bin/make" "cmTC_5c8e8/fast"
/Applications/Xcode.app/Contents/Developer/usr/bin/make -f CMakeFiles/cmTC_5c8e8.dir/build.make CMakeFiles/cmTC_5c8e8.dir/build
Building CXX object CMakeFiles/cmTC_5c8e8.dir/testCXXCompiler.cxx.o
/usr/local/Cellar/gcc@4.9/4.9.3_1/bin/c++-4.9     -o CMakeFiles/cmTC_5c8e8.dir/testCXXCompiler.cxx.o -c /Users/sebastiansoberg/test/parsnp/CMakeFiles/CMakeTmp/testCXXCompiler.cxx
Linking CXX executable cmTC_5c8e8
/Applications/CMake.app/Contents/bin/cmake -E cmake_link_script CMakeFiles/cmTC_5c8e8.dir/link.txt --verbose=1
/usr/local/Cellar/gcc@4.9/4.9.3_1/bin/c++-4.9    -Wl,-search_paths_first -Wl,-headerpad_max_install_names   CMakeFiles/cmTC_5c8e8.dir/testCXXCompiler.cxx.o  -o cmTC_5c8e8 


Detecting CXX compiler ABI info compiled with the following output:
Change Dir: /Users/sebastiansoberg/test/parsnp/CMakeFiles/CMakeTmp

Run Build Command:"/usr/bin/make" "cmTC_69847/fast"
/Applications/Xcode.app/Contents/Developer/usr/bin/make -f CMakeFiles/cmTC_69847.dir/build.make CMakeFiles/cmTC_69847.dir/build
Building CXX object CMakeFiles/cmTC_69847.dir/CMakeCXXCompilerABI.cpp.o
/usr/local/Cellar/gcc@4.9/4.9.3_1/bin/c++-4.9     -o CMakeFiles/cmTC_69847.dir/CMakeCXXCompilerABI.cpp.o -c /Applications/CMake.app/Contents/share/cmake-3.8/Modules/CMakeCXXCompilerABI.cpp
Linking CXX executable cmTC_69847
/Applications/CMake.app/Contents/bin/cmake -E cmake_link_script CMakeFiles/cmTC_69847.dir/link.txt --verbose=1
/usr/local/Cellar/gcc@4.9/4.9.3_1/bin/c++-4.9    -Wl,-search_paths_first -Wl,-headerpad_max_install_names  -v -Wl,-v CMakeFiles/cmTC_69847.dir/CMakeCXXCompilerABI.cpp.o  -o cmTC_69847 
Using built-in specs.
COLLECT_GCC=/usr/local/Cellar/gcc@4.9/4.9.3_1/bin/c++-4.9
COLLECT_LTO_WRAPPER=/usr/local/Cellar/gcc@4.9/4.9.3_1/libexec/gcc/x86_64-apple-darwin15.6.0/4.9.3/lto-wrapper
Target: x86_64-apple-darwin15.6.0
Configured with: ../configure --build=x86_64-apple-darwin15.6.0 --prefix=/usr/local/Cellar/gcc@4.9/4.9.3_1 --libdir=/usr/local/Cellar/gcc@4.9/4.9.3_1/lib/gcc/4.9 --enable-languages=c,c++,objc,obj-c++,fortran --program-suffix=-4.9 --with-gmp=/usr/local/opt/gmp@4 --with-mpfr=/usr/local/opt/mpfr@2 --with-mpc=/usr/local/opt/libmpc@0.8 --with-cloog=/usr/local/opt/cloog --with-isl=/usr/local/opt/isl@0.12 --with-system-zlib --enable-libstdcxx-time=yes --enable-stage1-checking --enable-checking=release --enable-lto --with-build-config=bootstrap-debug --disable-werror --with-pkgversion='Homebrew GCC 4.9.3_1' --with-bugurl=https://github.com/Homebrew/homebrew-core/issues MAKEINFO=missing --enable-plugin --disable-nls --enable-multilib --with-native-system-header-dir=/usr/include --with-sysroot=/Applications/Xcode.app/Contents/Developer/Platforms/MacOSX.platform/Developer/SDKs/MacOSX10.12.sdk
Thread model: posix
gcc version 4.9.3 (Homebrew GCC 4.9.3_1) 
COMPILER_PATH=/usr/local/Cellar/gcc@4.9/4.9.3_1/libexec/gcc/x86_64-apple-darwin15.6.0/4.9.3/:/usr/local/Cellar/gcc@4.9/4.9.3_1/libexec/gcc/x86_64-apple-darwin15.6.0/4.9.3/:/usr/local/Cellar/gcc@4.9/4.9.3_1/libexec/gcc/x86_64-apple-darwin15.6.0/:/usr/local/Cellar/gcc@4.9/4.9.3_1/lib/gcc/4.9/gcc/x86_64-apple-darwin15.6.0/4.9.3/:/usr/local/Cellar/gcc@4.9/4.9.3_1/lib/gcc/4.9/gcc/x86_64-apple-darwin15.6.0/
LIBRARY_PATH=/usr/local/Cellar/gcc@4.9/4.9.3_1/lib/gcc/4.9/gcc/x86_64-apple-darwin15.6.0/4.9.3/:/usr/local/Cellar/gcc@4.9/4.9.3_1/lib/gcc/4.9/gcc/x86_64-apple-darwin15.6.0/4.9.3/../../../:/Applications/Xcode.app/Contents/Developer/Platforms/MacOSX.platform/Developer/SDKs/MacOSX10.12.sdk/usr/lib/
COLLECT_GCC_OPTIONS='-mmacosx-version-min=10.11.6' '-v' '-o' 'cmTC_69847' '-shared-libgcc' '-mtune=core2'
 /usr/local/Cellar/gcc@4.9/4.9.3_1/libexec/gcc/x86_64-apple-darwin15.6.0/4.9.3/collect2 -dynamic -arch x86_64 -macosx_version_min 10.11.6 -syslibroot /Applications/Xcode.app/Contents/Developer/Platforms/MacOSX.platform/Developer/SDKs/MacOSX10.12.sdk -weak_reference_mismatches non-weak -o cmTC_69847 -L/usr/local/Cellar/gcc@4.9/4.9.3_1/lib/gcc/4.9/gcc/x86_64-apple-darwin15.6.0/4.9.3 -L/usr/local/Cellar/gcc@4.9/4.9.3_1/lib/gcc/4.9/gcc/x86_64-apple-darwin15.6.0/4.9.3/../../.. -L/Applications/Xcode.app/Contents/Developer/Platforms/MacOSX.platform/Developer/SDKs/MacOSX10.12.sdk/usr/lib -search_paths_first -headerpad_max_install_names -v CMakeFiles/cmTC_69847.dir/CMakeCXXCompilerABI.cpp.o -lstdc++ -no_compact_unwind -lSystem -lgcc_ext.10.5 -lgcc -lSystem -v
collect2 version 4.9.3
/usr/bin/ld -dynamic -arch x86_64 -macosx_version_min 10.11.6 -syslibroot /Applications/Xcode.app/Contents/Developer/Platforms/MacOSX.platform/Developer/SDKs/MacOSX10.12.sdk -weak_reference_mismatches non-weak -o cmTC_69847 -L/usr/local/Cellar/gcc@4.9/4.9.3_1/lib/gcc/4.9/gcc/x86_64-apple-darwin15.6.0/4.9.3 -L/usr/local/Cellar/gcc@4.9/4.9.3_1/lib/gcc/4.9/gcc/x86_64-apple-darwin15.6.0/4.9.3/../../.. -L/Applications/Xcode.app/Contents/Developer/Platforms/MacOSX.platform/Developer/SDKs/MacOSX10.12.sdk/usr/lib -search_paths_first -headerpad_max_install_names -v CMakeFiles/cmTC_69847.dir/CMakeCXXCompilerABI.cpp.o -lstdc++ -no_compact_unwind -lSystem -lgcc_ext.10.5 -lgcc -lSystem -v
@(#)PROGRAM:ld  PROJECT:ld64-274.2
configured to support archs: armv6 armv7 armv7s arm64 i386 x86_64 x86_64h armv6m armv7k armv7m armv7em (tvOS)
@(#)PROGRAM:ld  PROJECT:ld64-274.2
configured to support archs: armv6 armv7 armv7s arm64 i386 x86_64 x86_64h armv6m armv7k armv7m armv7em (tvOS)
Library search paths:
	/usr/local/Cellar/gcc@4.9/4.9.3_1/lib/gcc/4.9/gcc/x86_64-apple-darwin15.6.0/4.9.3
	/usr/local/Cellar/gcc@4.9/4.9.3_1/lib/gcc/4.9
	/Applications/Xcode.app/Contents/Developer/Platforms/MacOSX.platform/Developer/SDKs/MacOSX10.12.sdk/usr/lib
	/Applications/Xcode.app/Contents/Developer/Platforms/MacOSX.platform/Developer/SDKs/MacOSX10.12.sdk/usr/lib
Framework search paths:
	/Applications/Xcode.app/Contents/Developer/Platforms/MacOSX.platform/Developer/SDKs/MacOSX10.12.sdk/System/Library/Frameworks/
 /usr/bin/nm -n CMakeFiles/cmTC_69847.dir/CMakeCXXCompilerABI.cpp.o


Parsed CXX implicit link information from above output:
  link line regex: [^( *|.*[/\])(ld|([^/\]+-)?ld|collect2)[^/\]*( |$)]
  ignore line: [Change Dir: /Users/sebastiansoberg/test/parsnp/CMakeFiles/CMakeTmp]
  ignore line: []
  ignore line: [Run Build Command:"/usr/bin/make" "cmTC_69847/fast"]
  ignore line: [/Applications/Xcode.app/Contents/Developer/usr/bin/make -f CMakeFiles/cmTC_69847.dir/build.make CMakeFiles/cmTC_69847.dir/build]
  ignore line: [Building CXX object CMakeFiles/cmTC_69847.dir/CMakeCXXCompilerABI.cpp.o]
  ignore line: [/usr/local/Cellar/gcc@4.9/4.9.3_1/bin/c++-4.9     -o CMakeFiles/cmTC_69847.dir/CMakeCXXCompilerABI.cpp.o -c /Applications/CMake.app/Contents/share/cmake-3.8/Modules/CMakeCXXCompilerABI.cpp]
  ignore line: [Linking CXX executable cmTC_69847]
  ignore line: [/Applications/CMake.app/Contents/bin/cmake -E cmake_link_script CMakeFiles/cmTC_69847.dir/link.txt --verbose=1]
  ignore line: [/usr/local/Cellar/gcc@4.9/4.9.3_1/bin/c++-4.9    -Wl,-search_paths_first -Wl,-headerpad_max_install_names  -v -Wl,-v CMakeFiles/cmTC_69847.dir/CMakeCXXCompilerABI.cpp.o  -o cmTC_69847 ]
  ignore line: [Using built-in specs.]
  ignore line: [COLLECT_GCC=/usr/local/Cellar/gcc@4.9/4.9.3_1/bin/c++-4.9]
  ignore line: [COLLECT_LTO_WRAPPER=/usr/local/Cellar/gcc@4.9/4.9.3_1/libexec/gcc/x86_64-apple-darwin15.6.0/4.9.3/lto-wrapper]
  ignore line: [Target: x86_64-apple-darwin15.6.0]
  ignore line: [Configured with: ../configure --build=x86_64-apple-darwin15.6.0 --prefix=/usr/local/Cellar/gcc@4.9/4.9.3_1 --libdir=/usr/local/Cellar/gcc@4.9/4.9.3_1/lib/gcc/4.9 --enable-languages=c,c++,objc,obj-c++,fortran --program-suffix=-4.9 --with-gmp=/usr/local/opt/gmp@4 --with-mpfr=/usr/local/opt/mpfr@2 --with-mpc=/usr/local/opt/libmpc@0.8 --with-cloog=/usr/local/opt/cloog --with-isl=/usr/local/opt/isl@0.12 --with-system-zlib --enable-libstdcxx-time=yes --enable-stage1-checking --enable-checking=release --enable-lto --with-build-config=bootstrap-debug --disable-werror --with-pkgversion='Homebrew GCC 4.9.3_1' --with-bugurl=https://github.com/Homebrew/homebrew-core/issues MAKEINFO=missing --enable-plugin --disable-nls --enable-multilib --with-native-system-header-dir=/usr/include --with-sysroot=/Applications/Xcode.app/Contents/Developer/Platforms/MacOSX.platform/Developer/SDKs/MacOSX10.12.sdk]
  ignore line: [Thread model: posix]
  ignore line: [gcc version 4.9.3 (Homebrew GCC 4.9.3_1) ]
  ignore line: [COMPILER_PATH=/usr/local/Cellar/gcc@4.9/4.9.3_1/libexec/gcc/x86_64-apple-darwin15.6.0/4.9.3/:/usr/local/Cellar/gcc@4.9/4.9.3_1/libexec/gcc/x86_64-apple-darwin15.6.0/4.9.3/:/usr/local/Cellar/gcc@4.9/4.9.3_1/libexec/gcc/x86_64-apple-darwin15.6.0/:/usr/local/Cellar/gcc@4.9/4.9.3_1/lib/gcc/4.9/gcc/x86_64-apple-darwin15.6.0/4.9.3/:/usr/local/Cellar/gcc@4.9/4.9.3_1/lib/gcc/4.9/gcc/x86_64-apple-darwin15.6.0/]
  ignore line: [LIBRARY_PATH=/usr/local/Cellar/gcc@4.9/4.9.3_1/lib/gcc/4.9/gcc/x86_64-apple-darwin15.6.0/4.9.3/:/usr/local/Cellar/gcc@4.9/4.9.3_1/lib/gcc/4.9/gcc/x86_64-apple-darwin15.6.0/4.9.3/../../../:/Applications/Xcode.app/Contents/Developer/Platforms/MacOSX.platform/Developer/SDKs/MacOSX10.12.sdk/usr/lib/]
  ignore line: [COLLECT_GCC_OPTIONS='-mmacosx-version-min=10.11.6' '-v' '-o' 'cmTC_69847' '-shared-libgcc' '-mtune=core2']
  link line: [ /usr/local/Cellar/gcc@4.9/4.9.3_1/libexec/gcc/x86_64-apple-darwin15.6.0/4.9.3/collect2 -dynamic -arch x86_64 -macosx_version_min 10.11.6 -syslibroot /Applications/Xcode.app/Contents/Developer/Platforms/MacOSX.platform/Developer/SDKs/MacOSX10.12.sdk -weak_reference_mismatches non-weak -o cmTC_69847 -L/usr/local/Cellar/gcc@4.9/4.9.3_1/lib/gcc/4.9/gcc/x86_64-apple-darwin15.6.0/4.9.3 -L/usr/local/Cellar/gcc@4.9/4.9.3_1/lib/gcc/4.9/gcc/x86_64-apple-darwin15.6.0/4.9.3/../../.. -L/Applications/Xcode.app/Contents/Developer/Platforms/MacOSX.platform/Developer/SDKs/MacOSX10.12.sdk/usr/lib -search_paths_first -headerpad_max_install_names -v CMakeFiles/cmTC_69847.dir/CMakeCXXCompilerABI.cpp.o -lstdc++ -no_compact_unwind -lSystem -lgcc_ext.10.5 -lgcc -lSystem -v]
    arg [/usr/local/Cellar/gcc@4.9/4.9.3_1/libexec/gcc/x86_64-apple-darwin15.6.0/4.9.3/collect2] ==> ignore
    arg [-dynamic] ==> ignore
    arg [-arch] ==> ignore
    arg [x86_64] ==> ignore
    arg [-macosx_version_min] ==> ignore
    arg [10.11.6] ==> ignore
    arg [-syslibroot] ==> ignore
    arg [/Applications/Xcode.app/Contents/Developer/Platforms/MacOSX.platform/Developer/SDKs/MacOSX10.12.sdk] ==> ignore
    arg [-weak_reference_mismatches] ==> ignore
    arg [non-weak] ==> ignore
    arg [-o] ==> ignore
    arg [cmTC_69847] ==> ignore
    arg [-L/usr/local/Cellar/gcc@4.9/4.9.3_1/lib/gcc/4.9/gcc/x86_64-apple-darwin15.6.0/4.9.3] ==> dir [/usr/local/Cellar/gcc@4.9/4.9.3_1/lib/gcc/4.9/gcc/x86_64-apple-darwin15.6.0/4.9.3]
    arg [-L/usr/local/Cellar/gcc@4.9/4.9.3_1/lib/gcc/4.9/gcc/x86_64-apple-darwin15.6.0/4.9.3/../../..] ==> dir [/usr/local/Cellar/gcc@4.9/4.9.3_1/lib/gcc/4.9/gcc/x86_64-apple-darwin15.6.0/4.9.3/../../..]
    arg [-L/Applications/Xcode.app/Contents/Developer/Platforms/MacOSX.platform/Developer/SDKs/MacOSX10.12.sdk/usr/lib] ==> dir [/Applications/Xcode.app/Contents/Developer/Platforms/MacOSX.platform/Developer/SDKs/MacOSX10.12.sdk/usr/lib]
    arg [-search_paths_first] ==> ignore
    arg [-headerpad_max_install_names] ==> ignore
    arg [-v] ==> ignore
    arg [CMakeFiles/cmTC_69847.dir/CMakeCXXCompilerABI.cpp.o] ==> ignore
    arg [-lstdc++] ==> lib [stdc++]
    arg [-no_compact_unwind] ==> ignore
    arg [-lSystem] ==> lib [System]
    arg [-lgcc_ext.10.5] ==> lib [gcc_ext.10.5]
    arg [-lgcc] ==> lib [gcc]
    arg [-lSystem] ==> lib [System]
    arg [-v] ==> ignore
  Library search paths: [;/usr/local/Cellar/gcc@4.9/4.9.3_1/lib/gcc/4.9/gcc/x86_64-apple-darwin15.6.0/4.9.3;/usr/local/Cellar/gcc@4.9/4.9.3_1/lib/gcc/4.9;/Applications/Xcode.app/Contents/Developer/Platforms/MacOSX.platform/Developer/SDKs/MacOSX10.12.sdk/usr/lib;/Applications/Xcode.app/Contents/Developer/Platforms/MacOSX.platform/Developer/SDKs/MacOSX10.12.sdk/usr/lib]
  Framework search paths: [;/Applications/Xcode.app/Contents/Developer/Platforms/MacOSX.platform/Developer/SDKs/MacOSX10.12.sdk/System/Library/Frameworks/]
  remove lib [System]
  remove lib [gcc_ext.10.5]
  remove lib [gcc]
  remove lib [System]
  collapse library dir [/usr/local/Cellar/gcc@4.9/4.9.3_1/lib/gcc/4.9/gcc/x86_64-apple-darwin15.6.0/4.9.3] ==> [/usr/local/Cellar/gcc@4.9/4.9.3_1/lib/gcc/4.9/gcc/x86_64-apple-darwin15.6.0/4.9.3]
  collapse library dir [/usr/local/Cellar/gcc@4.9/4.9.3_1/lib/gcc/4.9/gcc/x86_64-apple-darwin15.6.0/4.9.3/../../..] ==> [/usr/local/Cellar/gcc@4.9/4.9.3_1/lib/gcc/4.9]
  collapse library dir [/Applications/Xcode.app/Contents/Developer/Platforms/MacOSX.platform/Developer/SDKs/MacOSX10.12.sdk/usr/lib] ==> [/Applications/Xcode.app/Contents/Developer/Platforms/MacOSX.platform/Developer/SDKs/MacOSX10.12.sdk/usr/lib]
  collapse library dir [/usr/local/Cellar/gcc@4.9/4.9.3_1/lib/gcc/4.9/gcc/x86_64-apple-darwin15.6.0/4.9.3] ==> [/usr/local/Cellar/gcc@4.9/4.9.3_1/lib/gcc/4.9/gcc/x86_64-apple-darwin15.6.0/4.9.3]
  collapse library dir [/usr/local/Cellar/gcc@4.9/4.9.3_1/lib/gcc/4.9] ==> [/usr/local/Cellar/gcc@4.9/4.9.3_1/lib/gcc/4.9]
  collapse library dir [/Applications/Xcode.app/Contents/Developer/Platforms/MacOSX.platform/Developer/SDKs/MacOSX10.12.sdk/usr/lib] ==> [/Applications/Xcode.app/Contents/Developer/Platforms/MacOSX.platform/Developer/SDKs/MacOSX10.12.sdk/usr/lib]
  collapse library dir [/Applications/Xcode.app/Contents/Developer/Platforms/MacOSX.platform/Developer/SDKs/MacOSX10.12.sdk/usr/lib] ==> [/Applications/Xcode.app/Contents/Developer/Platforms/MacOSX.platform/Developer/SDKs/MacOSX10.12.sdk/usr/lib]
  collapse framework dir [/Applications/Xcode.app/Contents/Developer/Platforms/MacOSX.platform/Developer/SDKs/MacOSX10.12.sdk/System/Library/Frameworks/] ==> [/Applications/Xcode.app/Contents/Developer/Platforms/MacOSX.platform/Developer/SDKs/MacOSX10.12.sdk/System/Library/Frameworks]
  implicit libs: [stdc++]
  implicit dirs: [/usr/local/Cellar/gcc@4.9/4.9.3_1/lib/gcc/4.9/gcc/x86_64-apple-darwin15.6.0/4.9.3;/usr/local/Cellar/gcc@4.9/4.9.3_1/lib/gcc/4.9;/Applications/Xcode.app/Contents/Developer/Platforms/MacOSX.platform/Developer/SDKs/MacOSX10.12.sdk/usr/lib]
  implicit fwks: [/Applications/Xcode.app/Contents/Developer/Platforms/MacOSX.platform/Developer/SDKs/MacOSX10.12.sdk/System/Library/Frameworks]




Detecting CXX [-std=c++14] compiler features compiled with the following output:
Change Dir: /Users/sebastiansoberg/test/parsnp/CMakeFiles/CMakeTmp

Run Build Command:"/usr/bin/make" "cmTC_e9b08/fast"
/Applications/Xcode.app/Contents/Developer/usr/bin/make -f CMakeFiles/cmTC_e9b08.dir/build.make CMakeFiles/cmTC_e9b08.dir/build
Building CXX object CMakeFiles/cmTC_e9b08.dir/feature_tests.cxx.o
/usr/local/Cellar/gcc@4.9/4.9.3_1/bin/c++-4.9    -std=c++14 -o CMakeFiles/cmTC_e9b08.dir/feature_tests.cxx.o -c /Users/sebastiansoberg/test/parsnp/CMakeFiles/feature_tests.cxx
Linking CXX executable cmTC_e9b08
/Applications/CMake.app/Contents/bin/cmake -E cmake_link_script CMakeFiles/cmTC_e9b08.dir/link.txt --verbose=1
/usr/local/Cellar/gcc@4.9/4.9.3_1/bin/c++-4.9    -Wl,-search_paths_first -Wl,-headerpad_max_install_names   CMakeFiles/cmTC_e9b08.dir/feature_tests.cxx.o  -o cmTC_e9b08 


    Feature record: CXX_FEATURE:0cxx_aggregate_default_initializers
    Feature record: CXX_FEATURE:1cxx_alias_templates
    Feature record: CXX_FEATURE:1cxx_alignas
    Feature record: CXX_FEATURE:1cxx_alignof
    Feature record: CXX_FEATURE:1cxx_attributes
    Feature record: CXX_FEATURE:1cxx_attribute_deprecated
    Feature record: CXX_FEATURE:1cxx_auto_type
    Feature record: CXX_FEATURE:1cxx_binary_literals
    Feature record: CXX_FEATURE:1cxx_constexpr
    Feature record: CXX_FEATURE:1cxx_contextual_conversions
    Feature record: CXX_FEATURE:1cxx_decltype
    Feature record: CXX_FEATURE:1cxx_decltype_auto
    Feature record: CXX_FEATURE:1cxx_decltype_incomplete_return_types
    Feature record: CXX_FEATURE:1cxx_default_function_template_args
    Feature record: CXX_FEATURE:1cxx_defaulted_functions
    Feature record: CXX_FEATURE:1cxx_defaulted_move_initializers
    Feature record: CXX_FEATURE:1cxx_delegating_constructors
    Feature record: CXX_FEATURE:1cxx_deleted_functions
    Feature record: CXX_FEATURE:1cxx_digit_separators
    Feature record: CXX_FEATURE:1cxx_enum_forward_declarations
    Feature record: CXX_FEATURE:1cxx_explicit_conversions
    Feature record: CXX_FEATURE:1cxx_extended_friend_declarations
    Feature record: CXX_FEATURE:1cxx_extern_templates
    Feature record: CXX_FEATURE:1cxx_final
    Feature record: CXX_FEATURE:1cxx_func_identifier
    Feature record: CXX_FEATURE:1cxx_generalized_initializers
    Feature record: CXX_FEATURE:1cxx_generic_lambdas
    Feature record: CXX_FEATURE:1cxx_inheriting_constructors
    Feature record: CXX_FEATURE:1cxx_inline_namespaces
    Feature record: CXX_FEATURE:1cxx_lambdas
    Feature record: CXX_FEATURE:1cxx_lambda_init_captures
    Feature record: CXX_FEATURE:1cxx_local_type_template_args
    Feature record: CXX_FEATURE:1cxx_long_long_type
    Feature record: CXX_FEATURE:1cxx_noexcept
    Feature record: CXX_FEATURE:1cxx_nonstatic_member_init
    Feature record: CXX_FEATURE:1cxx_nullptr
    Feature record: CXX_FEATURE:1cxx_override
    Feature record: CXX_FEATURE:1cxx_range_for
    Feature record: CXX_FEATURE:1cxx_raw_string_literals
    Feature record: CXX_FEATURE:1cxx_reference_qualified_functions
    Feature record: CXX_FEATURE:0cxx_relaxed_constexpr
    Feature record: CXX_FEATURE:1cxx_return_type_deduction
    Feature record: CXX_FEATURE:1cxx_right_angle_brackets
    Feature record: CXX_FEATURE:1cxx_rvalue_references
    Feature record: CXX_FEATURE:1cxx_sizeof_member
    Feature record: CXX_FEATURE:1cxx_static_assert
    Feature record: CXX_FEATURE:1cxx_strong_enums
    Feature record: CXX_FEATURE:1cxx_template_template_parameters
    Feature record: CXX_FEATURE:1cxx_thread_local
    Feature record: CXX_FEATURE:1cxx_trailing_return_types
    Feature record: CXX_FEATURE:1cxx_unicode_literals
    Feature record: CXX_FEATURE:1cxx_uniform_initialization
    Feature record: CXX_FEATURE:1cxx_unrestricted_unions
    Feature record: CXX_FEATURE:1cxx_user_literals
    Feature record: CXX_FEATURE:0cxx_variable_templates
    Feature record: CXX_FEATURE:1cxx_variadic_macros
    Feature record: CXX_FEATURE:1cxx_variadic_templates


Detecting CXX [-std=c++11] compiler features compiled with the following output:
Change Dir: /Users/sebastiansoberg/test/parsnp/CMakeFiles/CMakeTmp

Run Build Command:"/usr/bin/make" "cmTC_e9dfc/fast"
/Applications/Xcode.app/Contents/Developer/usr/bin/make -f CMakeFiles/cmTC_e9dfc.dir/build.make CMakeFiles/cmTC_e9dfc.dir/build
Building CXX object CMakeFiles/cmTC_e9dfc.dir/feature_tests.cxx.o
/usr/local/Cellar/gcc@4.9/4.9.3_1/bin/c++-4.9    -std=c++11 -o CMakeFiles/cmTC_e9dfc.dir/feature_tests.cxx.o -c /Users/sebastiansoberg/test/parsnp/CMakeFiles/feature_tests.cxx
Linking CXX executable cmTC_e9dfc
/Applications/CMake.app/Contents/bin/cmake -E cmake_link_script CMakeFiles/cmTC_e9dfc.dir/link.txt --verbose=1
/usr/local/Cellar/gcc@4.9/4.9.3_1/bin/c++-4.9    -Wl,-search_paths_first -Wl,-headerpad_max_install_names   CMakeFiles/cmTC_e9dfc.dir/feature_tests.cxx.o  -o cmTC_e9dfc 


    Feature record: CXX_FEATURE:0cxx_aggregate_default_initializers
    Feature record: CXX_FEATURE:1cxx_alias_templates
    Feature record: CXX_FEATURE:1cxx_alignas
    Feature record: CXX_FEATURE:1cxx_alignof
    Feature record: CXX_FEATURE:1cxx_attributes
    Feature record: CXX_FEATURE:0cxx_attribute_deprecated
    Feature record: CXX_FEATURE:1cxx_auto_type
    Feature record: CXX_FEATURE:0cxx_binary_literals
    Feature record: CXX_FEATURE:1cxx_constexpr
    Feature record: CXX_FEATURE:0cxx_contextual_conversions
    Feature record: CXX_FEATURE:1cxx_decltype
    Feature record: CXX_FEATURE:0cxx_decltype_auto
    Feature record: CXX_FEATURE:1cxx_decltype_incomplete_return_types
    Feature record: CXX_FEATURE:1cxx_default_function_template_args
    Feature record: CXX_FEATURE:1cxx_defaulted_functions
    Feature record: CXX_FEATURE:1cxx_defaulted_move_initializers
    Feature record: CXX_FEATURE:1cxx_delegating_constructors
    Feature record: CXX_FEATURE:1cxx_deleted_functions
    Feature record: CXX_FEATURE:0cxx_digit_separators
    Feature record: CXX_FEATURE:1cxx_enum_forward_declarations
    Feature record: CXX_FEATURE:1cxx_explicit_conversions
    Feature record: CXX_FEATURE:1cxx_extended_friend_declarations
    Feature record: CXX_FEATURE:1cxx_extern_templates
    Feature record: CXX_FEATURE:1cxx_final
    Feature record: CXX_FEATURE:1cxx_func_identifier
    Feature record: CXX_FEATURE:1cxx_generalized_initializers
    Feature record: CXX_FEATURE:0cxx_generic_lambdas
    Feature record: CXX_FEATURE:1cxx_inheriting_constructors
    Feature record: CXX_FEATURE:1cxx_inline_namespaces
    Feature record: CXX_FEATURE:1cxx_lambdas
    Feature record: CXX_FEATURE:0cxx_lambda_init_captures
    Feature record: CXX_FEATURE:1cxx_local_type_template_args
    Feature record: CXX_FEATURE:1cxx_long_long_type
    Feature record: CXX_FEATURE:1cxx_noexcept
    Feature record: CXX_FEATURE:1cxx_nonstatic_member_init
    Feature record: CXX_FEATURE:1cxx_nullptr
    Feature record: CXX_FEATURE:1cxx_override
    Feature record: CXX_FEATURE:1cxx_range_for
    Feature record: CXX_FEATURE:1cxx_raw_string_literals
    Feature record: CXX_FEATURE:1cxx_reference_qualified_functions
    Feature record: CXX_FEATURE:0cxx_relaxed_constexpr
    Feature record: CXX_FEATURE:0cxx_return_type_deduction
    Feature record: CXX_FEATURE:1cxx_right_angle_brackets
    Feature record: CXX_FEATURE:1cxx_rvalue_references
    Feature record: CXX_FEATURE:1cxx_sizeof_member
    Feature record: CXX_FEATURE:1cxx_static_assert
    Feature record: CXX_FEATURE:1cxx_strong_enums
    Feature record: CXX_FEATURE:1cxx_template_template_parameters
    Feature record: CXX_FEATURE:1cxx_thread_local
    Feature record: CXX_FEATURE:1cxx_trailing_return_types
    Feature record: CXX_FEATURE:1cxx_unicode_literals
    Feature record: CXX_FEATURE:1cxx_uniform_initialization
    Feature record: CXX_FEATURE:1cxx_unrestricted_unions
    Feature record: CXX_FEATURE:1cxx_user_literals
    Feature record: CXX_FEATURE:0cxx_variable_templates
    Feature record: CXX_FEATURE:1cxx_variadic_macros
    Feature record: CXX_FEATURE:1cxx_variadic_templates


Detecting CXX [-std=c++98] compiler features compiled with the following output:
Change Dir: /Users/sebastiansoberg/test/parsnp/CMakeFiles/CMakeTmp

Run Build Command:"/usr/bin/make" "cmTC_40a4b/fast"
/Applications/Xcode.app/Contents/Developer/usr/bin/make -f CMakeFiles/cmTC_40a4b.dir/build.make CMakeFiles/cmTC_40a4b.dir/build
Building CXX object CMakeFiles/cmTC_40a4b.dir/feature_tests.cxx.o
/usr/local/Cellar/gcc@4.9/4.9.3_1/bin/c++-4.9    -std=c++98 -o CMakeFiles/cmTC_40a4b.dir/feature_tests.cxx.o -c /Users/sebastiansoberg/test/parsnp/CMakeFiles/feature_tests.cxx
Linking CXX executable cmTC_40a4b
/Applications/CMake.app/Contents/bin/cmake -E cmake_link_script CMakeFiles/cmTC_40a4b.dir/link.txt --verbose=1
/usr/local/Cellar/gcc@4.9/4.9.3_1/bin/c++-4.9    -Wl,-search_paths_first -Wl,-headerpad_max_install_names   CMakeFiles/cmTC_40a4b.dir/feature_tests.cxx.o  -o cmTC_40a4b 


    Feature record: CXX_FEATURE:0cxx_aggregate_default_initializers
    Feature record: CXX_FEATURE:0cxx_alias_templates
    Feature record: CXX_FEATURE:0cxx_alignas
    Feature record: CXX_FEATURE:0cxx_alignof
    Feature record: CXX_FEATURE:0cxx_attributes
    Feature record: CXX_FEATURE:0cxx_attribute_deprecated
    Feature record: CXX_FEATURE:0cxx_auto_type
    Feature record: CXX_FEATURE:0cxx_binary_literals
    Feature record: CXX_FEATURE:0cxx_constexpr
    Feature record: CXX_FEATURE:0cxx_contextual_conversions
    Feature record: CXX_FEATURE:0cxx_decltype
    Feature record: CXX_FEATURE:0cxx_decltype_auto
    Feature record: CXX_FEATURE:0cxx_decltype_incomplete_return_types
    Feature record: CXX_FEATURE:0cxx_default_function_template_args
    Feature record: CXX_FEATURE:0cxx_defaulted_functions
    Feature record: CXX_FEATURE:0cxx_defaulted_move_initializers
    Feature record: CXX_FEATURE:0cxx_delegating_constructors
    Feature record: CXX_FEATURE:0cxx_deleted_functions
    Feature record: CXX_FEATURE:0cxx_digit_separators
    Feature record: CXX_FEATURE:0cxx_enum_forward_declarations
    Feature record: CXX_FEATURE:0cxx_explicit_conversions
    Feature record: CXX_FEATURE:0cxx_extended_friend_declarations
    Feature record: CXX_FEATURE:0cxx_extern_templates
    Feature record: CXX_FEATURE:0cxx_final
    Feature record: CXX_FEATURE:0cxx_func_identifier
    Feature record: CXX_FEATURE:0cxx_generalized_initializers
    Feature record: CXX_FEATURE:0cxx_generic_lambdas
    Feature record: CXX_FEATURE:0cxx_inheriting_constructors
    Feature record: CXX_FEATURE:0cxx_inline_namespaces
    Feature record: CXX_FEATURE:0cxx_lambdas
    Feature record: CXX_FEATURE:0cxx_lambda_init_captures
    Feature record: CXX_FEATURE:0cxx_local_type_template_args
    Feature record: CXX_FEATURE:0cxx_long_long_type
    Feature record: CXX_FEATURE:0cxx_noexcept
    Feature record: CXX_FEATURE:0cxx_nonstatic_member_init
    Feature record: CXX_FEATURE:0cxx_nullptr
    Feature record: CXX_FEATURE:0cxx_override
    Feature record: CXX_FEATURE:0cxx_range_for
    Feature record: CXX_FEATURE:0cxx_raw_string_literals
    Feature record: CXX_FEATURE:0cxx_reference_qualified_functions
    Feature record: CXX_FEATURE:0cxx_relaxed_constexpr
    Feature record: CXX_FEATURE:0cxx_return_type_deduction
    Feature record: CXX_FEATURE:0cxx_right_angle_brackets
    Feature record: CXX_FEATURE:0cxx_rvalue_references
    Feature record: CXX_FEATURE:0cxx_sizeof_member
    Feature record: CXX_FEATURE:0cxx_static_assert
    Feature record: CXX_FEATURE:0cxx_strong_enums
    Feature record: CXX_FEATURE:1cxx_template_template_parameters
    Feature record: CXX_FEATURE:0cxx_thread_local
    Feature record: CXX_FEATURE:0cxx_trailing_return_types
    Feature record: CXX_FEATURE:0cxx_unicode_literals
    Feature record: CXX_FEATURE:0cxx_uniform_initialization
    Feature record: CXX_FEATURE:0cxx_unrestricted_unions
    Feature record: CXX_FEATURE:0cxx_user_literals
    Feature record: CXX_FEATURE:0cxx_variable_templates
    Feature record: CXX_FEATURE:0cxx_variadic_macros
    Feature record: CXX_FEATURE:0cxx_variadic_templates
