This file contains any messages produced by compilers while
running configure, to aid debugging if configure makes a mistake.

It was created by configure, which was
generated by GNU Autoconf 2.69.  Invocation command line was

  $ ./configure 

## --------- ##
## Platform. ##
## --------- ##

hostname = 1x-193-157-189-23.uio.no
uname -m = x86_64
uname -r = 15.6.0
uname -s = Darwin
uname -v = Darwin Kernel Version 15.6.0: Mon Jan  9 23:07:29 PST 2017; root:xnu-3248.60.11.2.1~1/RELEASE_X86_64

/usr/bin/uname -p = i386
/bin/uname -X     = unknown

/bin/arch              = unknown
/usr/bin/arch -k       = unknown
/usr/convex/getsysinfo = unknown
/usr/bin/hostinfo      = Mach kernel version:
	 Darwin Kernel Version 15.6.0: Mon Jan  9 23:07:29 PST 2017; root:xnu-3248.60.11.2.1~1/RELEASE_X86_64
Kernel configured for up to 4 processors.
2 processors are physically available.
4 processors are logically available.
Processor type: i486 (Intel 80486)
Processors active: 0 1 2 3
Primary memory available: 8.00 gigabytes
Default processor set: 250 tasks, 1361 threads, 4 processors
Load average: 2.28, Mach factor: 1.71
/bin/machine           = unknown
/usr/bin/oslevel       = unknown
/bin/universe          = unknown

PATH: /usr/local/bin
PATH: /usr/bin
PATH: /bin
PATH: /usr/sbin
PATH: /sbin


## ----------- ##
## Core tests. ##
## ----------- ##

configure:2339: checking for a BSD-compatible install
configure:2407: result: /usr/bin/install -c
configure:2418: checking whether build environment is sane
configure:2473: result: yes
configure:2624: checking for a thread-safe mkdir -p
configure:2663: result: config/install-sh -c -d
configure:2676: checking for gawk
configure:2706: result: no
configure:2676: checking for mawk
configure:2706: result: no
configure:2676: checking for nawk
configure:2706: result: no
configure:2676: checking for awk
configure:2692: found /usr/bin/awk
configure:2703: result: awk
configure:2714: checking whether make sets $(MAKE)
configure:2736: result: yes
configure:2871: checking for g++
configure:2887: found /usr/bin/g++
configure:2898: result: g++
configure:2925: checking for C++ compiler version
configure:2934: g++ --version >&5
Apple LLVM version 8.0.0 (clang-800.0.42.1)
Target: x86_64-apple-darwin15.6.0
Thread model: posix
InstalledDir: /Applications/Xcode.app/Contents/Developer/Toolchains/XcodeDefault.xctoolchain/usr/bin
Configured with: --prefix=/Applications/Xcode.app/Contents/Developer/usr --with-gxx-include-dir=/usr/include/c++/4.2.1
configure:2945: $? = 0
configure:2934: g++ -v >&5
Configured with: --prefix=/Applications/Xcode.app/Contents/Developer/usr --with-gxx-include-dir=/usr/include/c++/4.2.1
Apple LLVM version 8.0.0 (clang-800.0.42.1)
Target: x86_64-apple-darwin15.6.0
Thread model: posix
InstalledDir: /Applications/Xcode.app/Contents/Developer/Toolchains/XcodeDefault.xctoolchain/usr/bin
configure:2945: $? = 0
configure:2934: g++ -V >&5
clang: error: argument to '-V' is missing (expected 1 value)
clang: error: no input files
configure:2945: $? = 1
configure:2934: g++ -qversion >&5
clang: error: unknown argument: '-qversion'
clang: error: no input files
configure:2945: $? = 1
configure:2965: checking whether the C++ compiler works
configure:2987: g++    conftest.cpp  >&5
configure:2991: $? = 0
configure:3039: result: yes
configure:3042: checking for C++ compiler default output file name
configure:3044: result: a.out
configure:3050: checking for suffix of executables
configure:3057: g++ -o conftest    conftest.cpp  >&5
configure:3061: $? = 0
configure:3083: result: 
configure:3105: checking whether we are cross compiling
configure:3113: g++ -o conftest    conftest.cpp  >&5
configure:3117: $? = 0
configure:3124: ./conftest
configure:3128: $? = 0
configure:3143: result: no
configure:3148: checking for suffix of object files
configure:3170: g++ -c   conftest.cpp >&5
configure:3174: $? = 0
configure:3195: result: o
configure:3199: checking whether we are using the GNU C++ compiler
configure:3218: g++ -c   conftest.cpp >&5
configure:3218: $? = 0
configure:3227: result: yes
configure:3236: checking whether g++ accepts -g
configure:3256: g++ -c -g  conftest.cpp >&5
configure:3256: $? = 0
configure:3297: result: yes
configure:3331: checking for style of include used by make
configure:3359: result: GNU
configure:3385: checking dependency style of g++
configure:3496: result: gcc3
configure:3512: checking whether ln -s works
configure:3516: result: yes
configure:3552: checking build system type
configure:3566: result: x86_64-apple-darwin15.6.0
configure:3586: checking host system type
configure:3599: result: x86_64-apple-darwin15.6.0
configure:3640: checking how to print strings
configure:3667: result: printf
configure:3736: checking for gcc
configure:3752: found /usr/bin/gcc
configure:3763: result: gcc
configure:3992: checking for C compiler version
configure:4001: gcc --version >&5
Apple LLVM version 8.0.0 (clang-800.0.42.1)
Target: x86_64-apple-darwin15.6.0
Thread model: posix
InstalledDir: /Applications/Xcode.app/Contents/Developer/Toolchains/XcodeDefault.xctoolchain/usr/bin
Configured with: --prefix=/Applications/Xcode.app/Contents/Developer/usr --with-gxx-include-dir=/usr/include/c++/4.2.1
configure:4012: $? = 0
configure:4001: gcc -v >&5
Configured with: --prefix=/Applications/Xcode.app/Contents/Developer/usr --with-gxx-include-dir=/usr/include/c++/4.2.1
Apple LLVM version 8.0.0 (clang-800.0.42.1)
Target: x86_64-apple-darwin15.6.0
Thread model: posix
InstalledDir: /Applications/Xcode.app/Contents/Developer/Toolchains/XcodeDefault.xctoolchain/usr/bin
configure:4012: $? = 0
configure:4001: gcc -V >&5
clang: error: argument to '-V' is missing (expected 1 value)
clang: error: no input files
configure:4012: $? = 1
configure:4001: gcc -qversion >&5
clang: error: unknown argument: '-qversion'
clang: error: no input files
configure:4012: $? = 1
configure:4016: checking whether we are using the GNU C compiler
configure:4035: gcc -c   conftest.c >&5
configure:4035: $? = 0
configure:4044: result: yes
configure:4053: checking whether gcc accepts -g
configure:4073: gcc -c -g  conftest.c >&5
configure:4073: $? = 0
configure:4114: result: yes
configure:4131: checking for gcc option to accept ISO C89
configure:4194: gcc  -c   conftest.c >&5
configure:4194: $? = 0
configure:4207: result: none needed
configure:4229: checking dependency style of gcc
configure:4340: result: gcc3
configure:4355: checking for a sed that does not truncate output
configure:4419: result: /usr/bin/sed
configure:4437: checking for grep that handles long lines and -e
configure:4495: result: /usr/bin/grep
configure:4500: checking for egrep
configure:4562: result: /usr/bin/grep -E
configure:4567: checking for fgrep
configure:4629: result: /usr/bin/grep -F
configure:4664: checking for ld used by gcc
configure:4731: result: /Applications/Xcode.app/Contents/Developer/Toolchains/XcodeDefault.xctoolchain/usr/bin/ld
configure:4738: checking if the linker (/Applications/Xcode.app/Contents/Developer/Toolchains/XcodeDefault.xctoolchain/usr/bin/ld) is GNU ld
configure:4753: result: no
configure:4765: checking for BSD- or MS-compatible name lister (nm)
configure:4814: result: /usr/bin/nm -B
configure:4944: checking the name lister (/usr/bin/nm -B) interface
configure:4951: gcc -c   conftest.c >&5
configure:4954: /usr/bin/nm -B "conftest.o"
configure:4957: output
0000000000000000 S _some_variable
configure:4964: result: BSD nm
configure:4968: checking the maximum length of command line arguments
configure:5098: result: 196608
configure:5115: checking whether the shell understands some XSI constructs
configure:5125: result: yes
configure:5129: checking whether the shell understands "+="
configure:5135: result: yes
configure:5170: checking how to convert x86_64-apple-darwin15.6.0 file names to x86_64-apple-darwin15.6.0 format
configure:5210: result: func_convert_file_noop
configure:5217: checking how to convert x86_64-apple-darwin15.6.0 file names to toolchain format
configure:5237: result: func_convert_file_noop
configure:5244: checking for /Applications/Xcode.app/Contents/Developer/Toolchains/XcodeDefault.xctoolchain/usr/bin/ld option to reload object files
configure:5251: result: -r
configure:5325: checking for objdump
configure:5355: result: no
configure:5384: checking how to recognize dependent libraries
configure:5586: result: pass_all
configure:5671: checking for dlltool
configure:5701: result: no
configure:5731: checking how to associate runtime and link libraries
configure:5758: result: printf %s\n
configure:5819: checking for ar
configure:5835: found /usr/bin/ar
configure:5846: result: ar
configure:5883: checking for archiver @FILE support
configure:5900: gcc -c   conftest.c >&5
configure:5900: $? = 0
configure:5903: ar cru libconftest.a @conftest.lst >&5
ar: @conftest.lst: No such file or directory
configure:5906: $? = 1
configure:5926: result: no
configure:5984: checking for strip
configure:6000: found /usr/bin/strip
configure:6011: result: strip
configure:6083: checking for ranlib
configure:6099: found /usr/bin/ranlib
configure:6110: result: ranlib
configure:6212: checking command to parse /usr/bin/nm -B output from gcc object
configure:6332: gcc -c   conftest.c >&5
configure:6335: $? = 0
configure:6339: /usr/bin/nm -B conftest.o \| sed -n -e 's/^.*[ ]\([BCDEGRST][BCDEGRST]*\)[ ][ ]*\([_A-Za-z][_A-Za-z0-9]*\)$/\1 \2 \2/p' | sed '/ __gnu_lto/d' \> conftest.nm
configure:6342: $? = 0
cannot find nm_test_var in conftest.nm
configure:6332: gcc -c   conftest.c >&5
configure:6335: $? = 0
configure:6339: /usr/bin/nm -B conftest.o \| sed -n -e 's/^.*[ ]\([BCDEGRST][BCDEGRST]*\)[ ][ ]*_\([_A-Za-z][_A-Za-z0-9]*\)$/\1 _\2 \2/p' | sed '/ __gnu_lto/d' \> conftest.nm
configure:6342: $? = 0
configure:6408: gcc -o conftest    conftest.c conftstm.o >&5
configure:6411: $? = 0
configure:6449: result: ok
configure:6486: checking for sysroot
configure:6516: result: no
configure:6772: checking for mt
configure:6802: result: no
configure:6822: checking if : is a manifest tool
configure:6828: : '-?'
configure:6836: result: no
configure:6892: checking for dsymutil
configure:6908: found /usr/bin/dsymutil
configure:6919: result: dsymutil
configure:6984: checking for nmedit
configure:7000: found /usr/bin/nmedit
configure:7011: result: nmedit
configure:7076: checking for lipo
configure:7092: found /usr/bin/lipo
configure:7103: result: lipo
configure:7168: checking for otool
configure:7184: found /usr/bin/otool
configure:7195: result: otool
configure:7260: checking for otool64
configure:7290: result: no
configure:7335: checking for -single_module linker flag
gcc   -o libconftest.dylib -dynamiclib -Wl,-single_module conftest.c
configure:7368: result: yes
configure:7371: checking for -exported_symbols_list linker flag
configure:7391: gcc -o conftest    -Wl,-exported_symbols_list,conftest.sym conftest.c  >&5
configure:7391: $? = 0
configure:7401: result: yes
configure:7404: checking for -force_load linker flag
gcc  -c -o conftest.o conftest.c
ar cru libconftest.a conftest.o
ranlib libconftest.a
gcc   -o conftest conftest.c -Wl,-force_load,./libconftest.a
configure:7436: result: yes
configure:7478: checking how to run the C preprocessor
configure:7509: gcc -E  conftest.c
configure:7509: $? = 0
configure:7523: gcc -E  conftest.c
conftest.c:9:10: fatal error: 'ac_nonexistent.h' file not found
#include <ac_nonexistent.h>
         ^
1 error generated.
configure:7523: $? = 1
configure: failed program was:
| /* confdefs.h */
| #define PACKAGE_NAME ""
| #define PACKAGE_TARNAME ""
| #define PACKAGE_VERSION ""
| #define PACKAGE_STRING ""
| #define PACKAGE_BUGREPORT ""
| #define PACKAGE_URL ""
| /* end confdefs.h.  */
| #include <ac_nonexistent.h>
configure:7548: result: gcc -E
configure:7568: gcc -E  conftest.c
configure:7568: $? = 0
configure:7582: gcc -E  conftest.c
conftest.c:9:10: fatal error: 'ac_nonexistent.h' file not found
#include <ac_nonexistent.h>
         ^
1 error generated.
configure:7582: $? = 1
configure: failed program was:
| /* confdefs.h */
| #define PACKAGE_NAME ""
| #define PACKAGE_TARNAME ""
| #define PACKAGE_VERSION ""
| #define PACKAGE_STRING ""
| #define PACKAGE_BUGREPORT ""
| #define PACKAGE_URL ""
| /* end confdefs.h.  */
| #include <ac_nonexistent.h>
configure:7611: checking for ANSI C header files
configure:7631: gcc -c   conftest.c >&5
configure:7631: $? = 0
configure:7704: gcc -o conftest    conftest.c  >&5
configure:7704: $? = 0
configure:7704: ./conftest
configure:7704: $? = 0
configure:7715: result: yes
configure:7728: checking for sys/types.h
configure:7728: gcc -c   conftest.c >&5
configure:7728: $? = 0
configure:7728: result: yes
configure:7728: checking for sys/stat.h
configure:7728: gcc -c   conftest.c >&5
configure:7728: $? = 0
configure:7728: result: yes
configure:7728: checking for stdlib.h
configure:7728: gcc -c   conftest.c >&5
configure:7728: $? = 0
configure:7728: result: yes
configure:7728: checking for string.h
configure:7728: gcc -c   conftest.c >&5
configure:7728: $? = 0
configure:7728: result: yes
configure:7728: checking for memory.h
configure:7728: gcc -c   conftest.c >&5
configure:7728: $? = 0
configure:7728: result: yes
configure:7728: checking for strings.h
configure:7728: gcc -c   conftest.c >&5
configure:7728: $? = 0
configure:7728: result: yes
configure:7728: checking for inttypes.h
configure:7728: gcc -c   conftest.c >&5
configure:7728: $? = 0
configure:7728: result: yes
configure:7728: checking for stdint.h
configure:7728: gcc -c   conftest.c >&5
configure:7728: $? = 0
configure:7728: result: yes
configure:7728: checking for unistd.h
configure:7728: gcc -c   conftest.c >&5
configure:7728: $? = 0
configure:7728: result: yes
configure:7742: checking for dlfcn.h
configure:7742: gcc -c   conftest.c >&5
configure:7742: $? = 0
configure:7742: result: yes
configure:7959: checking for objdir
configure:7974: result: .libs
configure:8245: checking if gcc supports -fno-rtti -fno-exceptions
configure:8263: gcc -c   -fno-rtti -fno-exceptions conftest.c >&5
configure:8267: $? = 0
configure:8280: result: yes
configure:8607: checking for gcc option to produce PIC
configure:8614: result: -fno-common -DPIC
configure:8622: checking if gcc PIC flag -fno-common -DPIC works
configure:8640: gcc -c   -fno-common -DPIC -DPIC conftest.c >&5
configure:8644: $? = 0
configure:8657: result: yes
configure:8686: checking if gcc static flag -static works
configure:8714: result: no
configure:8729: checking if gcc supports -c -o file.o
configure:8750: gcc -c   -o out/conftest2.o conftest.c >&5
configure:8754: $? = 0
configure:8776: result: yes
configure:8784: checking if gcc supports -c -o file.o
configure:8831: result: yes
configure:8864: checking whether the gcc linker (/Applications/Xcode.app/Contents/Developer/Toolchains/XcodeDefault.xctoolchain/usr/bin/ld) supports shared libraries
configure:10017: result: yes
configure:10257: checking dynamic linker characteristics
configure:10990: result: darwin15.6.0 dyld
configure:11097: checking how to hardcode library paths into programs
configure:11122: result: immediate
configure:11662: checking whether stripping libraries is possible
configure:11676: result: yes
configure:11702: checking if libtool supports shared libraries
configure:11704: result: yes
configure:11707: checking whether to build shared libraries
configure:11728: result: yes
configure:11731: checking whether to build static libraries
configure:11735: result: yes
configure:11758: checking how to run the C++ preprocessor
configure:11785: g++ -E  conftest.cpp
configure:11785: $? = 0
configure:11799: g++ -E  conftest.cpp
conftest.cpp:21:10: fatal error: 'ac_nonexistent.h' file not found
#include <ac_nonexistent.h>
         ^
1 error generated.
configure:11799: $? = 1
configure: failed program was:
| /* confdefs.h */
| #define PACKAGE_NAME ""
| #define PACKAGE_TARNAME ""
| #define PACKAGE_VERSION ""
| #define PACKAGE_STRING ""
| #define PACKAGE_BUGREPORT ""
| #define PACKAGE_URL ""
| #define STDC_HEADERS 1
| #define HAVE_SYS_TYPES_H 1
| #define HAVE_SYS_STAT_H 1
| #define HAVE_STDLIB_H 1
| #define HAVE_STRING_H 1
| #define HAVE_MEMORY_H 1
| #define HAVE_STRINGS_H 1
| #define HAVE_INTTYPES_H 1
| #define HAVE_STDINT_H 1
| #define HAVE_UNISTD_H 1
| #define HAVE_DLFCN_H 1
| #define LT_OBJDIR ".libs/"
| /* end confdefs.h.  */
| #include <ac_nonexistent.h>
configure:11824: result: g++ -E
configure:11844: g++ -E  conftest.cpp
configure:11844: $? = 0
configure:11858: g++ -E  conftest.cpp
conftest.cpp:21:10: fatal error: 'ac_nonexistent.h' file not found
#include <ac_nonexistent.h>
         ^
1 error generated.
configure:11858: $? = 1
configure: failed program was:
| /* confdefs.h */
| #define PACKAGE_NAME ""
| #define PACKAGE_TARNAME ""
| #define PACKAGE_VERSION ""
| #define PACKAGE_STRING ""
| #define PACKAGE_BUGREPORT ""
| #define PACKAGE_URL ""
| #define STDC_HEADERS 1
| #define HAVE_SYS_TYPES_H 1
| #define HAVE_SYS_STAT_H 1
| #define HAVE_STDLIB_H 1
| #define HAVE_STRING_H 1
| #define HAVE_MEMORY_H 1
| #define HAVE_STRINGS_H 1
| #define HAVE_INTTYPES_H 1
| #define HAVE_STDINT_H 1
| #define HAVE_UNISTD_H 1
| #define HAVE_DLFCN_H 1
| #define LT_OBJDIR ".libs/"
| /* end confdefs.h.  */
| #include <ac_nonexistent.h>
configure:12027: checking for ld used by g++
configure:12094: result: /Applications/Xcode.app/Contents/Developer/Toolchains/XcodeDefault.xctoolchain/usr/bin/ld
configure:12101: checking if the linker (/Applications/Xcode.app/Contents/Developer/Toolchains/XcodeDefault.xctoolchain/usr/bin/ld) is GNU ld
configure:12116: result: no
configure:12171: checking whether the g++ linker (/Applications/Xcode.app/Contents/Developer/Toolchains/XcodeDefault.xctoolchain/usr/bin/ld) supports shared libraries
configure:13176: result: yes
configure:13212: g++ -c   conftest.cpp >&5
configure:13215: $? = 0
configure:13735: checking for g++ option to produce PIC
configure:13742: result: -fno-common -DPIC
configure:13750: checking if g++ PIC flag -fno-common -DPIC works
configure:13768: g++ -c   -fno-common -DPIC -DPIC conftest.cpp >&5
configure:13772: $? = 0
configure:13785: result: yes
configure:13808: checking if g++ static flag -static works
configure:13836: result: no
configure:13848: checking if g++ supports -c -o file.o
configure:13869: g++ -c   -o out/conftest2.o conftest.cpp >&5
configure:13873: $? = 0
configure:13895: result: yes
configure:13900: checking if g++ supports -c -o file.o
configure:13947: result: yes
configure:13977: checking whether the g++ linker (/Applications/Xcode.app/Contents/Developer/Toolchains/XcodeDefault.xctoolchain/usr/bin/ld) supports shared libraries
configure:14013: result: yes
configure:14154: checking dynamic linker characteristics
configure:14821: result: darwin15.6.0 dyld
configure:14874: checking how to hardcode library paths into programs
configure:14899: result: immediate
configure:14970: checking for ANSI C header files
configure:15074: result: yes
configure:15116: checking for an ANSI C-conforming const
configure:15182: gcc -c   conftest.c >&5
configure:15182: $? = 0
configure:15189: result: yes
configure:15197: checking for inline
configure:15213: gcc -c   conftest.c >&5
configure:15213: $? = 0
configure:15221: result: inline
configure:15239: checking whether time.h and sys/time.h may both be included
configure:15259: gcc -c   conftest.c >&5
configure:15259: $? = 0
configure:15266: result: yes
configure:15276: checking whether gcc needs -traditional
conftest.c:23:10: fatal error: 'termio.h' file not found
#include <termio.h>
         ^
1 error generated.
configure:15310: result: no
configure:15467: checking that generated files are newer than configure
configure:15473: result: done
configure:15508: creating ./config.status

## ---------------------- ##
## Running config.status. ##
## ---------------------- ##

This file was extended by config.status, which was
generated by GNU Autoconf 2.69.  Invocation command line was

  CONFIG_FILES    = 
  CONFIG_HEADERS  = 
  CONFIG_LINKS    = 
  CONFIG_COMMANDS = 
  $ ./config.status 

on 1x-193-157-189-23.uio.no

config.status:1073: creating Makefile
config.status:1073: creating libMUSCLE/Makefile
config.status:1073: creating libMUSCLE-3.7.pc
config.status:1245: executing depfiles commands
config.status:1245: executing libtool commands

## ---------------- ##
## Cache variables. ##
## ---------------- ##

ac_cv_build=x86_64-apple-darwin15.6.0
ac_cv_c_compiler_gnu=yes
ac_cv_c_const=yes
ac_cv_c_inline=inline
ac_cv_cxx_compiler_gnu=yes
ac_cv_env_CCC_set=
ac_cv_env_CCC_value=
ac_cv_env_CC_set=
ac_cv_env_CC_value=
ac_cv_env_CFLAGS_set=
ac_cv_env_CFLAGS_value=
ac_cv_env_CPPFLAGS_set=
ac_cv_env_CPPFLAGS_value=
ac_cv_env_CPP_set=
ac_cv_env_CPP_value=
ac_cv_env_CXXCPP_set=
ac_cv_env_CXXCPP_value=
ac_cv_env_CXXFLAGS_set=
ac_cv_env_CXXFLAGS_value=
ac_cv_env_CXX_set=
ac_cv_env_CXX_value=
ac_cv_env_LDFLAGS_set=
ac_cv_env_LDFLAGS_value=
ac_cv_env_LIBS_set=
ac_cv_env_LIBS_value=
ac_cv_env_build_alias_set=
ac_cv_env_build_alias_value=
ac_cv_env_host_alias_set=
ac_cv_env_host_alias_value=
ac_cv_env_target_alias_set=
ac_cv_env_target_alias_value=
ac_cv_header_dlfcn_h=yes
ac_cv_header_inttypes_h=yes
ac_cv_header_memory_h=yes
ac_cv_header_stdc=yes
ac_cv_header_stdint_h=yes
ac_cv_header_stdlib_h=yes
ac_cv_header_string_h=yes
ac_cv_header_strings_h=yes
ac_cv_header_sys_stat_h=yes
ac_cv_header_sys_types_h=yes
ac_cv_header_time=yes
ac_cv_header_unistd_h=yes
ac_cv_host=x86_64-apple-darwin15.6.0
ac_cv_objext=o
ac_cv_path_EGREP='/usr/bin/grep -E'
ac_cv_path_FGREP='/usr/bin/grep -F'
ac_cv_path_GREP=/usr/bin/grep
ac_cv_path_SED=/usr/bin/sed
ac_cv_path_install='/usr/bin/install -c'
ac_cv_prog_AWK=awk
ac_cv_prog_CPP='gcc -E'
ac_cv_prog_CXXCPP='g++ -E'
ac_cv_prog_ac_ct_AR=ar
ac_cv_prog_ac_ct_CC=gcc
ac_cv_prog_ac_ct_CXX=g++
ac_cv_prog_ac_ct_DSYMUTIL=dsymutil
ac_cv_prog_ac_ct_LIPO=lipo
ac_cv_prog_ac_ct_NMEDIT=nmedit
ac_cv_prog_ac_ct_OTOOL=otool
ac_cv_prog_ac_ct_RANLIB=ranlib
ac_cv_prog_ac_ct_STRIP=strip
ac_cv_prog_cc_c89=
ac_cv_prog_cc_g=yes
ac_cv_prog_cxx_g=yes
ac_cv_prog_gcc_traditional=no
ac_cv_prog_make_make_set=yes
am_cv_CC_dependencies_compiler_type=gcc3
am_cv_CXX_dependencies_compiler_type=gcc3
lt_cv_apple_cc_single_mod=yes
lt_cv_ar_at_file=no
lt_cv_deplibs_check_method=pass_all
lt_cv_file_magic_cmd='$MAGIC_CMD'
lt_cv_file_magic_test_file=
lt_cv_ld_exported_symbols_list=yes
lt_cv_ld_force_load=yes
lt_cv_ld_reload_flag=-r
lt_cv_nm_interface='BSD nm'
lt_cv_objdir=.libs
lt_cv_path_LD=/Applications/Xcode.app/Contents/Developer/Toolchains/XcodeDefault.xctoolchain/usr/bin/ld
lt_cv_path_LDCXX=/Applications/Xcode.app/Contents/Developer/Toolchains/XcodeDefault.xctoolchain/usr/bin/ld
lt_cv_path_NM='/usr/bin/nm -B'
lt_cv_path_mainfest_tool=no
lt_cv_prog_compiler_c_o=yes
lt_cv_prog_compiler_c_o_CXX=yes
lt_cv_prog_compiler_pic='-fno-common -DPIC'
lt_cv_prog_compiler_pic_CXX='-fno-common -DPIC'
lt_cv_prog_compiler_pic_works=yes
lt_cv_prog_compiler_pic_works_CXX=yes
lt_cv_prog_compiler_rtti_exceptions=yes
lt_cv_prog_compiler_static_works=no
lt_cv_prog_compiler_static_works_CXX=no
lt_cv_prog_gnu_ld=no
lt_cv_prog_gnu_ldcxx=no
lt_cv_sharedlib_from_linklib_cmd='printf %s\n'
lt_cv_sys_global_symbol_pipe='sed -n -e '\''s/^.*[	 ]\([BCDEGRST][BCDEGRST]*\)[	 ][	 ]*_\([_A-Za-z][_A-Za-z0-9]*\)$/\1 _\2 \2/p'\'' | sed '\''/ __gnu_lto/d'\'''
lt_cv_sys_global_symbol_to_c_name_address='sed -n -e '\''s/^: \([^ ]*\)[ ]*$/  {\"\1\", (void *) 0},/p'\'' -e '\''s/^[BCDEGRST]* \([^ ]*\) \([^ ]*\)$/  {"\2", (void *) \&\2},/p'\'''
lt_cv_sys_global_symbol_to_c_name_address_lib_prefix='sed -n -e '\''s/^: \([^ ]*\)[ ]*$/  {\"\1\", (void *) 0},/p'\'' -e '\''s/^[BCDEGRST]* \([^ ]*\) \(lib[^ ]*\)$/  {"\2", (void *) \&\2},/p'\'' -e '\''s/^[BCDEGRST]* \([^ ]*\) \([^ ]*\)$/  {"lib\2", (void *) \&\2},/p'\'''
lt_cv_sys_global_symbol_to_cdecl='sed -n -e '\''s/^T .* \(.*\)$/extern int \1();/p'\'' -e '\''s/^[BCDEGRST]* .* \(.*\)$/extern char \1;/p'\'''
lt_cv_sys_max_cmd_len=196608
lt_cv_to_host_file_cmd=func_convert_file_noop
lt_cv_to_tool_file_cmd=func_convert_file_noop

## ----------------- ##
## Output variables. ##
## ----------------- ##

ACLOCAL='${SHELL} /Users/sebastiansoberg/test/parsnp/muscle/config/missing --run aclocal-1.12'
AMDEPBACKSLASH='\'
AMDEP_FALSE='#'
AMDEP_TRUE=''
AMTAR='$${TAR-tar}'
AR='ar'
AUTOCONF='${SHELL} /Users/sebastiansoberg/test/parsnp/muscle/config/missing --run autoconf'
AUTOHEADER='${SHELL} /Users/sebastiansoberg/test/parsnp/muscle/config/missing --run autoheader'
AUTOMAKE='${SHELL} /Users/sebastiansoberg/test/parsnp/muscle/config/missing --run automake-1.12'
AWK='awk'
CC='gcc'
CCDEPMODE='depmode=gcc3'
CFLAGS=''
CPP='gcc -E'
CPPFLAGS=''
CXX='g++'
CXXCPP='g++ -E'
CXXDEPMODE='depmode=gcc3'
CXXFLAGS=''
CYGPATH_W='echo'
DEBUG_FALSE=''
DEBUG_TRUE='#'
DEFS='-DPACKAGE_NAME=\"\" -DPACKAGE_TARNAME=\"\" -DPACKAGE_VERSION=\"\" -DPACKAGE_STRING=\"\" -DPACKAGE_BUGREPORT=\"\" -DPACKAGE_URL=\"\" -DSTDC_HEADERS=1 -DHAVE_SYS_TYPES_H=1 -DHAVE_SYS_STAT_H=1 -DHAVE_STDLIB_H=1 -DHAVE_STRING_H=1 -DHAVE_MEMORY_H=1 -DHAVE_STRINGS_H=1 -DHAVE_INTTYPES_H=1 -DHAVE_STDINT_H=1 -DHAVE_UNISTD_H=1 -DHAVE_DLFCN_H=1 -DLT_OBJDIR=\".libs/\" -DSTDC_HEADERS=1 -DTIME_WITH_SYS_TIME=1'
DEPDIR='.deps'
DLLTOOL='false'
DSYMUTIL='dsymutil'
DUMPBIN=''
ECHO_C='\c'
ECHO_N=''
ECHO_T=''
EGREP='/usr/bin/grep -E'
EXEEXT=''
FGREP='/usr/bin/grep -F'
GENERIC_API_VERSION='3.7'
GENERIC_LIBRARY_NAME='libMUSCLE'
GENERIC_LIBRARY_VERSION='1:0:0'
GENERIC_RELEASE='1.0'
GENERIC_VERSION='1.0.0'
GREP='/usr/bin/grep'
ICC_FALSE=''
ICC_TRUE='#'
INSTALL_DATA='${INSTALL} -m 644'
INSTALL_PROGRAM='${INSTALL}'
INSTALL_SCRIPT='${INSTALL}'
INSTALL_STRIP_PROGRAM='$(install_sh) -c -s'
LD='/Applications/Xcode.app/Contents/Developer/Toolchains/XcodeDefault.xctoolchain/usr/bin/ld'
LDFLAGS=''
LIBOBJS=''
LIBS=''
LIBTOOL='$(SHELL) $(top_builddir)/libtool'
LIBTOOL_VERSION_INFO=''
LIPO='lipo'
LN_S='ln -s'
LTLIBOBJS=''
MAKEINFO='${SHELL} /Users/sebastiansoberg/test/parsnp/muscle/config/missing --run makeinfo'
MANIFEST_TOOL=':'
MKDIR_P='config/install-sh -c -d'
NM='/usr/bin/nm -B'
NMEDIT='nmedit'
OBJDUMP='false'
OBJEXT='o'
OPENMP_CFLAGS=''
OPENMP_CXXFLAGS=''
OTOOL64=':'
OTOOL='otool'
PACKAGE='libMUSCLE'
PACKAGE_BUGREPORT=''
PACKAGE_NAME=''
PACKAGE_STRING=''
PACKAGE_TARNAME=''
PACKAGE_URL=''
PACKAGE_VERSION=''
PATH_SEPARATOR=':'
RANLIB='ranlib'
SED='/usr/bin/sed'
SET_MAKE=''
SHELL='/bin/sh'
STATIC_FLAG=''
STRIP='strip'
VERSION='1.0.0'
ac_ct_AR='ar'
ac_ct_CC='gcc'
ac_ct_CXX='g++'
ac_ct_DUMPBIN=''
am__EXEEXT_FALSE=''
am__EXEEXT_TRUE='#'
am__fastdepCC_FALSE='#'
am__fastdepCC_TRUE=''
am__fastdepCXX_FALSE='#'
am__fastdepCXX_TRUE=''
am__include='include'
am__isrc=''
am__leading_dot='.'
am__nodep='_no'
am__quote=''
am__tar='$${TAR-tar} chof - "$$tardir"'
am__untar='$${TAR-tar} xf -'
bindir='${exec_prefix}/bin'
build='x86_64-apple-darwin15.6.0'
build_alias=''
build_cpu='x86_64'
build_os='darwin15.6.0'
build_vendor='apple'
datadir='${datarootdir}'
datarootdir='${prefix}/share'
docdir='${datarootdir}/doc/${PACKAGE}'
dvidir='${docdir}'
exec_prefix='${prefix}'
host='x86_64-apple-darwin15.6.0'
host_alias=''
host_cpu='x86_64'
host_os='darwin15.6.0'
host_vendor='apple'
htmldir='${docdir}'
includedir='${prefix}/include'
infodir='${datarootdir}/info'
install_sh='${SHELL} /Users/sebastiansoberg/test/parsnp/muscle/config/install-sh'
libdir='${exec_prefix}/lib'
libexecdir='${exec_prefix}/libexec'
localedir='${datarootdir}/locale'
localstatedir='${prefix}/var'
mandir='${datarootdir}/man'
mkdir_p='$(top_builddir)/config/install-sh -c -d'
oldincludedir='/usr/include'
pdfdir='${docdir}'
prefix='/usr/local'
program_transform_name='s,x,x,'
psdir='${docdir}'
sbindir='${exec_prefix}/sbin'
sharedstatedir='${prefix}/com'
sysconfdir='${prefix}/etc'
target_alias=''

## ----------- ##
## confdefs.h. ##
## ----------- ##

/* confdefs.h */
#define PACKAGE_NAME ""
#define PACKAGE_TARNAME ""
#define PACKAGE_VERSION ""
#define PACKAGE_STRING ""
#define PACKAGE_BUGREPORT ""
#define PACKAGE_URL ""
#define STDC_HEADERS 1
#define HAVE_SYS_TYPES_H 1
#define HAVE_SYS_STAT_H 1
#define HAVE_STDLIB_H 1
#define HAVE_STRING_H 1
#define HAVE_MEMORY_H 1
#define HAVE_STRINGS_H 1
#define HAVE_INTTYPES_H 1
#define HAVE_STDINT_H 1
#define HAVE_UNISTD_H 1
#define HAVE_DLFCN_H 1
#define LT_OBJDIR ".libs/"
#define STDC_HEADERS 1
#define TIME_WITH_SYS_TIME 1

configure: exit 0
